tune.out=tune(svm ,H~.,data=train, kernel="linear", ranges =list(cost=c(0.001,0.01,0.1, 1,5,10,100)))
summary(tune.out)
bestmod =tune.out$best.model
summary(svm.planet)

cost      error  dispersion
1      1 0.02043476 0.007620907
2      2 0.02042680 0.007611066
3      3 0.02033279 0.007593545
4      4 0.02029745 0.007581989
5      5 0.02028492 0.007584698
6      6 0.02028524 0.007582261
7      7 0.02028290 0.007578820
8      8 0.02027824 0.007573949
9      9 0.02028295 0.007578416
10    10 0.02028129 0.007573484
11    11 0.02028441 0.007583111
12    12 0.02028351 0.007583076
13    13 0.02028512 0.007582209
14    14 0.02028082 0.007578904
15    15 0.02028151 0.007575047
16    16 0.02028253 0.007578731
17    17 0.02028584 0.007581768
18    18 0.02028476 0.007582893
19    19 0.02028336 0.007582200
20    20 0.02028009 0.007568775
21    21 0.02028223 0.007584811
22    22 0.02028281 0.007578547
23    23 0.02028279 0.007583412
24    24 0.02028322 0.007585017
25    25 0.02028099 0.007580016
26    26 0.02028208 0.007580605
27    27 0.02028315 0.007578117
28    28 0.02028277 0.007578360
29    29 0.02028501 0.007582246
30    30 0.02028447 0.007583267
31    31 0.02028531 0.007580093
32    32 0.02028371 0.007580793
33    33 0.02028338 0.007584620
34    34 0.02028338 0.007577885
35    35 0.02028223 0.007582497
36    36 0.02028410 0.007584756
37    37 0.02028396 0.007579367
38    38 0.02028197 0.007578368
39    39 0.02028204 0.007578996
40    40 0.02028234 0.007578825
41    41 0.02028380 0.007581098
42    42 0.02028550 0.007581476
43    43 0.02028337 0.007577210
44    44 0.02028399 0.007584357
45    45 0.02028567 0.007583375
46    46 0.02028137 0.007579385
47    47 0.02028479 0.007584676
48    48 0.02028380 0.007583249
49    49 0.02028332 0.007582872
50    50 0.02028606 0.007585479
51    51 0.02028187 0.007583066
52    52 0.02028367 0.007576923
53    53 0.02028479 0.007582461
54    54 0.02028374 0.007577805
55    55 0.02028387 0.007577204
56    56 0.02028049 0.007579796
57    57 0.02028388 0.007578958
58    58 0.02028517 0.007584867
59    59 0.02028579 0.007581255
60    60 0.02028340 0.007578849
61    61 0.02028349 0.007582907
62    62 0.02028453 0.007577042
63    63 0.02028681 0.007581913
64    64 0.02028332 0.007581537
65    65 0.02028344 0.007585141
66    66 0.02027811 0.007573718
67    67 0.02028425 0.007578881
68    68 0.02028643 0.007580545
69    69 0.02027899 0.007569836
70    70 0.02028113 0.007578941
71    71 0.02028045 0.007573622
72    72 0.02028216 0.007580917
73    73 0.02028481 0.007584207
74    74 0.02028418 0.007580105
75    75 0.02028802 0.007583077
76    76 0.02028379 0.007580303
77    77 0.02028387 0.007579719
78    78 0.02028416 0.007581187
79    79 0.02028489 0.007584412
80    80 0.02027916 0.007568937
81    81 0.02028421 0.007577131
82    82 0.02028590 0.007585024
83    83 0.02028505 0.007581610
84    84 0.02028597 0.007585805
85    85 0.02028561 0.007586036
86    86 0.02028458 0.007586906
87    87 0.02028300 0.007579081
88    88 0.02027909 0.007569845
89    89 0.02028177 0.007578790
90    90 0.02027939 0.007568914
91    91 0.02028410 0.007579506
92    92 0.02028302 0.007578804
93    93 0.02028356 0.007578226
94    94 0.02028124 0.007579203
95    95 0.02028780 0.007584009
96    96 0.02028284 0.007579761
97    97 0.02028358 0.007579860
98    98 0.02028301 0.007581061
99    99 0.02028165 0.007579231
100  100 0.02028463 0.007578871
101  101 0.02028475 0.007583093
102  102 0.02028303 0.007579539
103  103 0.02028465 0.007579214
104  104 0.02028194 0.007579557
105  105 0.02028309 0.007577804
106  106 0.02028570 0.007583626
107  107 0.02028055 0.007586482
108  108 0.02028251 0.007578344
109  109 0.02028425 0.007578299
110  110 0.02028369 0.007586381
111  111 0.02028475 0.007578396
112  112 0.02028537 0.007577017
113  113 0.02028501 0.007581172
114  114 0.02028415 0.007584193
115  115 0.02028451 0.007580527
116  116 0.02028274 0.007579937
117  117 0.02028138 0.007575324
118  118 0.02028332 0.007578607
119  119 0.02028421 0.007576510
120  120 0.02028360 0.007576673
121  121 0.02028457 0.007581532
122  122 0.02028438 0.007577790
123  123 0.02028258 0.007573899
124  124 0.02028402 0.007578994
125  125 0.02028228 0.007578665
126  126 0.02028449 0.007582611
127  127 0.02028085 0.007571385
128  128 0.02028257 0.007583911
129  129 0.02028362 0.007579050
130  130 0.02028275 0.007577754
131  131 0.02028247 0.007579678
132  132 0.02028531 0.007580486
133  133 0.02028292 0.007578224
134  134 0.02028233 0.007579053
135  135 0.02028292 0.007578977
136  136 0.02028201 0.007580712
137  137 0.02028403 0.007581460
138  138 0.02028216 0.007578598
139  139 0.02028047 0.007572977
140  140 0.02028544 0.007577603
141  141 0.02028497 0.007584611
142  142 0.02028256 0.007574644
143  143 0.02028577 0.007582475
144  144 0.02028054 0.007576937
145  145 0.02028020 0.007573567
146  146 0.02028407 0.007579547
147  147 0.02028156 0.007577016
148  148 0.02028436 0.007578829
149  149 0.02028389 0.007578154
150  150 0.02028510 0.007578020
151  151 0.02028113 0.007578244
152  152 0.02028172 0.007576345
153  153 0.02028368 0.007578813
154  154 0.02028243 0.007572080
155  155 0.02028142 0.007575723
156  156 0.02028176 0.007575332
157  157 0.02028181 0.007571114
158  158 0.02028461 0.007578291
159  159 0.02028292 0.007580103
160  160 0.02028221 0.007581183
161  161 0.02028606 0.007578267
162  162 0.02028065 0.007573676
163  163 0.02028239 0.007580265
164  164 0.02028206 0.007573150
165  165 0.02028381 0.007580798
166  166 0.02028558 0.007580563
167  167 0.02028242 0.007572233
168  168 0.02028464 0.007578523
169  169 0.02028276 0.007577203
170  170 0.02028396 0.007577427
171  171 0.02028242 0.007576875
172  172 0.02028181 0.007573747
173  173 0.02028238 0.007577791
174  174 0.02028247 0.007576110
175  175 0.02027936 0.007575617
176  176 0.02028388 0.007579469
177  177 0.02028432 0.007580197
178  178 0.02028023 0.007571470
179  179 0.02028212 0.007577829
180  180 0.02028275 0.007580000
181  181 0.02028363 0.007576992
182  182 0.02028509 0.007578553
183  183 0.02028296 0.007578798
184  184 0.02028343 0.007579574
185  185 0.02028142 0.007576743
186  186 0.02028291 0.007579863
187  187 0.02028461 0.007578625
188  188 0.02028254 0.007576775
189  189 0.02028207 0.007574731
190  190 0.02028380 0.007578981
191  191 0.02028436 0.007576370
192  192 0.02028084 0.007572985
193  193 0.02028473 0.007573138
194  194 0.02028529 0.007578411
195  195 0.02028319 0.007576363
196  196 0.02028459 0.007580564
197  197 0.02028182 0.007576753
198  198 0.02027990 0.007572822
199  199 0.02028498 0.007580785
200  200 0.02028205 0.007574094



- Detailed performance results:
    cost      error dispersion
1      1 0.02359385 0.01339070
2      2 0.02359145 0.01339816
3      3 0.02359901 0.01339263
4      4 0.02351862 0.01319480
5      5 0.02343197 0.01297886
6      6 0.02346466 0.01307306
7      7 0.02349592 0.01315249
8      8 0.02350661 0.01317722
9      9 0.02351097 0.01319583
10    10 0.02350692 0.01319215
11    11 0.02349568 0.01316965
12    12 0.02349684 0.01316554
13    13 0.02349545 0.01314162
14    14 0.02350505 0.01317683
15    15 0.02349129 0.01309561
16    16 0.02346936 0.01309022
17    17 0.02342919 0.01298158
18    18 0.02349029 0.01314077
19    19 0.02347210 0.01304717
20    20 0.02351288 0.01317327
21    21 0.02350303 0.01317823
22    22 0.02344302 0.01303065
23    23 0.02349936 0.01318439
24    24 0.02348769 0.01313744
25    25 0.02351169 0.01317791
26    26 0.02343147 0.01297823
27    27 0.02350655 0.01317697
28    28 0.02349033 0.01311882
29    29 0.02350223 0.01316399
30    30 0.02348477 0.01315555
31    31 0.02349876 0.01314690
32    32 0.02345389 0.01305039
33    33 0.02349629 0.01311796
34    34 0.02350149 0.01317630
35    35 0.02348369 0.01312520
36    36 0.02350751 0.01317954
37    37 0.02349680 0.01317305
38    38 0.02349618 0.01316571
39    39 0.02350312 0.01318054
40    40 0.02348236 0.01310678
41    41 0.02347858 0.01312830
42    42 0.02350578 0.01317565
43    43 0.02349951 0.01318041
44    44 0.02350225 0.01318553
45    45 0.02345149 0.01304226
46    46 0.02349172 0.01316097
47    47 0.02349049 0.01313488
48    48 0.02348320 0.01312565
49    49 0.02349247 0.01315396
50    50 0.02348891 0.01313800
51    51 0.02350557 0.01317478
52    52 0.02349960 0.01311390
53    53 0.02351673 0.01318777
54    54 0.02349734 0.01316347
55    55 0.02349456 0.01315903
56    56 0.02349640 0.01315696
57    57 0.02342312 0.01297441
58    58 0.02347831 0.01312459
59    59 0.02348135 0.01313502
60    60 0.02349026 0.01313489
61    61 0.02348545 0.01314780
62    62 0.02349773 0.01316602
63    63 0.02345593 0.01302111
64    64 0.02346297 0.01307618
65    65 0.02347045 0.01306175
66    66 0.02350418 0.01317614
67    67 0.02350402 0.01317377
68    68 0.02349373 0.01312493
69    69 0.02349113 0.01314447
70    70 0.02349123 0.01313249
71    71 0.02351349 0.01318142
72    72 0.02350376 0.01315786
73    73 0.02350344 0.01317671
74    74 0.02349261 0.01313570
75    75 0.02348338 0.01315634
76    76 0.02350482 0.01317105
77    77 0.02349504 0.01313146
78    78 0.02349933 0.01315728
79    79 0.02350214 0.01318087
80    80 0.02349424 0.01312489
81    81 0.02349171 0.01316210
82    82 0.02346882 0.01308021
83    83 0.02350735 0.01317250
84    84 0.02350521 0.01317521
85    85 0.02347168 0.01309740
86    86 0.02351019 0.01317773
87    87 0.02346681 0.01304026
88    88 0.02348851 0.01309313
89    89 0.02350040 0.01318463
90    90 0.02350259 0.01317864
91    91 0.02348840 0.01309134
92    92 0.02349152 0.01313531
93    93 0.02350652 0.01317862
94    94 0.02348402 0.01307807
95    95 0.02350328 0.01317592
96    96 0.02351946 0.01317552
97    97 0.02347995 0.01309236
98    98 0.02352262 0.01317785
99    99 0.02348666 0.01313374
100  100 0.02347686 0.01309464
101  101 0.02350563 0.01317722
102  102 0.02349765 0.01313555
103  103 0.02350696 0.01316981
104  104 0.02349198 0.01313632
105  105 0.02350985 0.01317613
106  106 0.02350485 0.01317293
107  107 0.02349040 0.01313188
108  108 0.02348866 0.01314448
109  109 0.02349205 0.01312583
110  110 0.02350869 0.01317084
111  111 0.02344981 0.01303401
112  112 0.02346597 0.01310244
113  113 0.02350634 0.01318448
114  114 0.02342528 0.01299351
115  115 0.02346519 0.01310444
116  116 0.02349835 0.01316380
117  117 0.02348290 0.01312901
118  118 0.02350138 0.01317843
119  119 0.02349347 0.01316540
120  120 0.02350084 0.01317641
121  121 0.02347735 0.01309308
122  122 0.02349828 0.01314001
123  123 0.02350338 0.01317461
124  124 0.02350948 0.01317564
125  125 0.02350079 0.01317747
126  126 0.02349811 0.01317930
127  127 0.02347417 0.01310018
128  128 0.02349812 0.01317474
129  129 0.02350188 0.01317958
130  130 0.02350267 0.01316640
131  131 0.02349556 0.01311400
132  132 0.02348723 0.01314542
133  133 0.02350184 0.01317377
134  134 0.02350440 0.01316590
135  135 0.02344211 0.01302452
136  136 0.02348922 0.01314109
137  137 0.02350632 0.01317835
138  138 0.02348204 0.01313985
139  139 0.02349239 0.01314913
140  140 0.02343440 0.01297566
141  141 0.02345073 0.01304552
142  142 0.02350107 0.01316536
143  143 0.02342028 0.01296318
144  144 0.02351649 0.01317727
145  145 0.02348658 0.01313727
146  146 0.02342593 0.01296355
147  147 0.02349910 0.01316361
148  148 0.02348949 0.01316961
149  149 0.02349397 0.01315083
150  150 0.02350013 0.01317670
151  151 0.02348056 0.01311697
152  152 0.02349815 0.01315241
153  153 0.02350737 0.01317773
154  154 0.02349146 0.01314803
155  155 0.02343911 0.01298125
156  156 0.02350235 0.01317442
157  157 0.02349604 0.01315177
158  158 0.02350809 0.01317261
159  159 0.02348279 0.01315142
160  160 0.02348352 0.01310881
161  161 0.02350452 0.01317659
162  162 0.02349968 0.01315656
163  163 0.02341273 0.01297394
164  164 0.02348166 0.01311311
165  165 0.02350380 0.01316491
166  166 0.02348510 0.01314029
167  167 0.02348371 0.01311441
168  168 0.02349584 0.01312208
169  169 0.02349905 0.01317832
170  170 0.02348881 0.01313452
171  171 0.02349766 0.01317657
172  172 0.02351462 0.01316191
173  173 0.02342655 0.01298827
174  174 0.02350137 0.01317352
175  175 0.02349298 0.01314827
176  176 0.02348451 0.01313817
177  177 0.02350578 0.01317934
178  178 0.02348475 0.01313736
179  179 0.02347984 0.01312159
180  180 0.02350664 0.01317716
181  181 0.02347724 0.01312145
182  182 0.02350633 0.01317079
183  183 0.02348754 0.01314597
184  184 0.02349896 0.01314979
185  185 0.02349237 0.01314838
186  186 0.02349491 0.01315871
187  187 0.02350024 0.01316662
188  188 0.02345350 0.01301930
189  189 0.02349958 0.01317957
190  190 0.02351283 0.01316491
191  191 0.02351449 0.01317608
192  192 0.02350433 0.01315410
193  193 0.02350140 0.01316604
194  194 0.02344224 0.01301180
195  195 0.02351872 0.01317194
196  196 0.02350067 0.01316362
197  197 0.02350159 0.01317148
198  198 0.02349849 0.01314963
199  199 0.02348696 0.01314445
200  200 0.02349697 0.01317882
