This is pdfTeX, Version 3.14159265-2.6-1.40.21 (MiKTeX 20.10) (preloaded format=pdflatex 2020.10.27)  1 NOV 2020 20:56
entering extended mode
**./Manuscript.tex
(Manuscript.tex
LaTeX2e <2020-10-01> patch level 1
L3 programming layer <2020-10-05> xparse <2020-03-03>
("C:\Program Files\MiKTeX 2.9\tex/latex/koma-script\scrartcl.cls"
Document Class: scrartcl 2020/09/21 v3.32 KOMA-Script document class (article)
("C:\Program Files\MiKTeX 2.9\tex/latex/koma-script\scrkbase.sty"
Package: scrkbase 2020/09/21 v3.32 KOMA-Script package (KOMA-Script-dependent b
asics and keyval usage)

("C:\Program Files\MiKTeX 2.9\tex/latex/koma-script\scrbase.sty"
Package: scrbase 2020/09/21 v3.32 KOMA-Script package (KOMA-Script-independent 
basics and keyval usage)

("C:\Program Files\MiKTeX 2.9\tex/latex/koma-script\scrlfile.sty"
Package: scrlfile 2020/09/21 v3.32 KOMA-Script package (file load hooks)

("C:\Program Files\MiKTeX 2.9\tex/latex/koma-script\scrlfile-hook.sty"
Package: scrlfile-hook 2020/09/21 v3.32 KOMA-Script package (using LaTeX hooks)


LaTeX3 Info: Defining command \BeforeFile with sig. 'm' on line 61.


LaTeX3 Info: Defining command \AfterFile with sig. 'm' on line 65.


LaTeX3 Info: Defining command \BeforeClass with sig. 'm' on line 69.


LaTeX3 Info: Defining command \BeforePackage with sig. 'm' on line 73.


LaTeX3 Info: Defining command \AfterAtEndOfClass with sig. 'smo+m' on line 83.


LaTeX3 Info: Defining command \AfterAtEndOfPackage with sig. 'smo+m' on line
(LaTeX3)     93.


LaTeX3 Info: Defining command \scrlfile@AfterClass with sig. 'smo+m' on line
(LaTeX3)     173.


LaTeX3 Info: Defining command \AfterClass with sig. '' on line 174.


LaTeX3 Info: Defining command \scrlfile@AfterPackage with sig. 'smo+m' on line
(LaTeX3)     191.


LaTeX3 Info: Defining command \AfterPackage with sig. '' on line 192.


LaTeX3 Info: Defining command \ReplaceInput with sig. '' on line 193.


LaTeX3 Info: Defining command \ReplaceClass with sig. 'mm' on line 196.


LaTeX3 Info: Defining command \ReplacePackage with sig. 'mm' on line 199.


LaTeX3 Info: Defining command \UnReplaceInput with sig. '' on line 200.


LaTeX3 Info: Defining command \UnReplaceClass with sig. 'm' on line 203.


LaTeX3 Info: Defining command \UnReplacePackage with sig. 'mm' on line 206.


LaTeX3 Info: Defining command \PreventPackageFromLoading with sig. 's+om' on
(LaTeX3)     line 234.


LaTeX3 Info: Defining command \StorePreventPackageFromLoading with sig. 'm' on
(LaTeX3)     line 242.


LaTeX3 Info: Defining command \ResetPreventPackageFromLoading with sig. '' on
(LaTeX3)     line 247.


LaTeX3 Info: Defining command \UnPreventPackageFromLoading with sig. 'sm' on
(LaTeX3)     line 261.


LaTeX3 Info: Defining command \BeforeClosingMainAux with sig. 'om' on line
(LaTeX3)     274.


LaTeX3 Info: Defining command \AfterReadingMainAux with sig. 'om' on line 287.


LaTeX3 Info: Defining command \protected@immediate@write with sig. 'm+m+m' on
(LaTeX3)     line 298.


("C:\Program Files\MiKTeX 2.9\tex/latex/koma-script\scrlogo.sty"
Package: scrlogo 2020/09/21 v3.32 KOMA-Script package (logo)
)))
("C:\Program Files\MiKTeX 2.9\tex/latex/graphics\keyval.sty"
Package: keyval 2014/10/28 v1.15 key=value parser (DPC)
\KV@toks@=\toks15
)))
("C:\Program Files\MiKTeX 2.9\tex/latex/koma-script\tocbasic.sty"
Package: tocbasic 2020/09/21 v3.32 KOMA-Script package (handling toc-files)
\scr@dte@tocline@numberwidth=\skip47
\scr@dte@tocline@numbox=\box47
)
Package tocbasic Info: babel extension for `toc' omitted
(tocbasic)             because of missing \bbl@set@language on input line 135.
Package scrartcl Info: You've used standard option `12pt'.
(scrartcl)             This is correct!
(scrartcl)             Internally I'm using `fontsize=12pt'.
(scrartcl)             If you'd like to set the option with \KOMAoptions,
(scrartcl)             you'd have to use `fontsize=12pt' there
(scrartcl)             instead of `12pt', too.
Class scrartcl Info: You've used standard option `oneside'.
(scrartcl)           This is correct!
(scrartcl)           Internally I'm using `twoside=false'.
(scrartcl)           If you'd like to set the option with \KOMAoptions,
(scrartcl)           you'd have to use `twoside=false' there
(scrartcl)           instead of `oneside', too.
Class scrartcl Info: File `scrsize12pt.clo' used to setup font sizes on input l
ine 2222.

("C:\Program Files\MiKTeX 2.9\tex/latex/koma-script\scrsize12pt.clo"
File: scrsize12pt.clo 2020/09/21 v3.32 KOMA-Script font size class option (12pt
)
)
("C:\Program Files\MiKTeX 2.9\tex/latex/koma-script\typearea.sty"
Package: typearea 2020/09/21 v3.32 KOMA-Script package (type area)
\ta@bcor=\skip48
\ta@div=\count175
Package typearea Info: You've used standard option `a4paper'.
(typearea)             This is correct!
(typearea)             Internally I'm using `paper=a4'.
(typearea)             If you'd like to set the option with \KOMAoptions,
(typearea)             you'd have to use `paper=a4' there
(typearea)             instead of `a4paper', too.
Package typearea Info: You've used standard option `oneside'.
(typearea)             This is correct!
(typearea)             Internally I'm using `twoside=false'.
(typearea)             If you'd like to set the option with \KOMAoptions,
(typearea)             you'd have to use `twoside=false' there
(typearea)             instead of `oneside', too.


Package typearea Warning: You've used obsolete option `BCOR5mm'.
(typearea)                Usage of this option indicates an old document
(typearea)                and changes compatibility level using
(typearea)                `BCOR=5mm,version=first,
(typearea)                enabledeprecatedfontcommands' that may result
(typearea)                in further warnings.
(typearea)                If you don't want this, you should simply
(typearea)                replace option `BCOR5mm' by `BCOR=5mm'.

Package typearea Info: Switching compatibility level to `first'.
\ta@hblk=\skip49
\ta@vblk=\skip50
\ta@temp=\skip51
\footheight=\skip52
Package typearea Info: These are the values describing the layout:
(typearea)             DIV  = 12
(typearea)             BCOR = 14.22636pt
(typearea)             \paperwidth      = 597.50793pt
(typearea)              \textwidth      = 437.46118pt
(typearea)              DIV departure   = -3%
(typearea)              \evensidemargin = 14.86656pt
(typearea)              \oddsidemargin  = 14.86656pt
(typearea)             \paperheight     = 845.04694pt
(typearea)              \textheight     = 548.5pt
(typearea)              \topmargin      = -1.84941pt
(typearea)              \headheight     = 18.125pt
(typearea)              \headsep        = 21.75pt
(typearea)              \topskip        = 12.0pt
(typearea)              \footskip       = 50.75pt
(typearea)              \baselineskip   = 14.5pt
(typearea)              on input line 1740.
)
\c@part=\count176
\c@section=\count177
\c@subsection=\count178
\c@subsubsection=\count179
\c@paragraph=\count180
\c@subparagraph=\count181
\scr@dte@section@maxnumwidth=\skip53
Class scrartcl Info: using compatibility default `runin=bysign'
(scrartcl)           for `\section on input line 4795.
Class scrartcl Info: using compatibility default `afterindent=bysign'
(scrartcl)           for `\section on input line 4795.
\scr@dte@part@maxnumwidth=\skip54
Class scrartcl Info: using compatibility default `afterindent=false'
(scrartcl)           for `\part on input line 4803.
\scr@dte@subsection@maxnumwidth=\skip55
Class scrartcl Info: using compatibility default `runin=bysign'
(scrartcl)           for `\subsection on input line 4813.
Class scrartcl Info: using compatibility default `afterindent=bysign'
(scrartcl)           for `\subsection on input line 4813.
\scr@dte@subsubsection@maxnumwidth=\skip56
Class scrartcl Info: using compatibility default `runin=bysign'
(scrartcl)           for `\subsubsection on input line 4823.
Class scrartcl Info: using compatibility default `afterindent=bysign'
(scrartcl)           for `\subsubsection on input line 4823.
\scr@dte@paragraph@maxnumwidth=\skip57
Class scrartcl Info: using compatibility default `runin=bysign'
(scrartcl)           for `\paragraph on input line 4834.
Class scrartcl Info: using compatibility default `afterindent=bysign'
(scrartcl)           for `\paragraph on input line 4834.
\scr@dte@subparagraph@maxnumwidth=\skip58
Class scrartcl Info: using compatibility default `runin=bysign'
(scrartcl)           for `\subparagraph on input line 4844.
Class scrartcl Info: using compatibility default `afterindent=bysign'
(scrartcl)           for `\subparagraph on input line 4844.
\abovecaptionskip=\skip59
\belowcaptionskip=\skip60
\c@pti@nb@sid@b@x=\box48
Package tocbasic Info: babel extension for `lof' omitted
(tocbasic)             because of missing \bbl@set@language on input line 6076.

\scr@dte@figure@maxnumwidth=\skip61
\c@figure=\count182
Package tocbasic Info: babel extension for `lot' omitted
(tocbasic)             because of missing \bbl@set@language on input line 6088.

\scr@dte@table@maxnumwidth=\skip62
\c@table=\count183
Class scrartcl Info: Redefining `\numberline' on input line 6252.
\bibindent=\dimen138
) ("C:\Program Files\MiKTeX 2.9\tex/generic/babel\babel.sty"
Package: babel 2020/10/06 3.50 The Babel package

("C:\Program Files\MiKTeX 2.9\tex/generic/babel\babel.def"
File: babel.def 2020/10/06 3.50 Babel common definitions
\babel@savecnt=\count184
\U@D=\dimen139
\l@babelnohyphens=\language79

("C:\Program Files\MiKTeX 2.9\tex/generic/babel\txtbabel.def")
\bbl@readstream=\read2
)
\bbl@dirlevel=\count185

*************************************
* Local config file bblopts.cfg used
*
("C:\Program Files\MiKTeX 2.9\tex/latex/arabi\bblopts.cfg"
File: bblopts.cfg 2005/09/08 v0.1 add Arabic and Farsi to "declared" options of
 babel
)
("C:\Program Files\MiKTeX 2.9\tex/latex/babel-english\english.ldf"
Language: english 2017/06/06 v3.3r English support from the babel system
Package babel Info: \l@canadian = using hyphenrules for english
(babel)             (\language0) on input line 102.
Package babel Info: \l@australian = using hyphenrules for ukenglish
(babel)             (\language73) on input line 105.
Package babel Info: \l@newzealand = using hyphenrules for ukenglish
(babel)             (\language73) on input line 108.
))
("C:\Program Files\MiKTeX 2.9\tex/latex/url\url.sty"
\Urlmuskip=\muskip16
Package: url 2013/09/16  ver 3.4  Verb mode for urls, etc.
)
("C:\Program Files\MiKTeX 2.9\tex/latex/graphics\graphicx.sty"
Package: graphicx 2020/09/09 v1.2b Enhanced LaTeX Graphics (DPC,SPQR)

("C:\Program Files\MiKTeX 2.9\tex/latex/graphics\graphics.sty"
Package: graphics 2020/08/30 v1.4c Standard LaTeX Graphics (DPC,SPQR)

("C:\Program Files\MiKTeX 2.9\tex/latex/graphics\trig.sty"
Package: trig 2016/01/03 v1.10 sin cos tan (DPC)
)
("C:\Program Files\MiKTeX 2.9\tex/latex/graphics-cfg\graphics.cfg"
File: graphics.cfg 2016/06/04 v1.11 sample graphics configuration
)
Package graphics Info: Driver file: pdftex.def on input line 105.

("C:\Program Files\MiKTeX 2.9\tex/latex/graphics-def\pdftex.def"
File: pdftex.def 2020/10/05 v1.2a Graphics/color driver for pdftex
))
\Gin@req@height=\dimen140
\Gin@req@width=\dimen141
)
("C:\Program Files\MiKTeX 2.9\tex/latex/caption\subcaption.sty"
Package: subcaption 2020/08/23 v1.3g Sub-captions (AR)

("C:\Program Files\MiKTeX 2.9\tex/latex/caption\caption.sty"
Package: caption 2020/09/12 v3.5b Customizing captions (AR)

("C:\Program Files\MiKTeX 2.9\tex/latex/caption\caption3.sty"
Package: caption3 2020/09/17 v2.1b caption3 kernel (AR)
\captionmargin=\dimen142
\captionmargin@=\dimen143
\captionwidth=\dimen144
\caption@tempdima=\dimen145
\caption@indent=\dimen146
\caption@parindent=\dimen147
\caption@hangindent=\dimen148
Package caption Info: KOMA-Script document class detected.

("C:\Program Files\MiKTeX 2.9\tex/latex/caption\caption-koma.sto"
File: caption-koma.sto 2020/09/12 v2.0a Adaption of the caption package to the 
KOMA-Script document classes (AR)
))
\c@caption@flags=\count186
\c@continuedfloat=\count187
)
\c@subfigure=\count188
\c@subtable=\count189
)
("C:\Program Files\MiKTeX 2.9\tex/latex/float\float.sty"
Package: float 2001/11/08 v1.3d Float enhancements (AL)
\c@float@type=\count190
\float@exts=\toks16
\float@box=\box49
\@float@everytoks=\toks17
\@floatcapt=\box50
)
("C:\Program Files\MiKTeX 2.9\tex/latex/tools\afterpage.sty"
Package: afterpage 2014/10/28 v1.08 After-Page Package (DPC)
\AP@output=\toks18
\AP@partial=\box51
\AP@footins=\box52
)
("C:\Program Files\MiKTeX 2.9\tex/latex/titlepic\titlepic.sty"
Package: titlepic 2017/03/14 1.2 Package to display a picture on the title page

)
("C:\Program Files\MiKTeX 2.9\tex/latex/epigraph\epigraph.sty"
Package: epigraph 2020/01/02 v1.5e typesetting epigraphs

("C:\Program Files\MiKTeX 2.9\tex/latex/nextpage\nextpage.sty"
Package: nextpage 2009/09/03 v1.1a additional page commands
)
\beforeepigraphskip=\skip63
\afterepigraphskip=\skip64
\epigraphwidth=\skip65
\epigraphrule=\skip66
)
("C:\Program Files\MiKTeX 2.9\tex/latex/mathcomp\mathcomp.sty"
Package: mathcomp 2001/01/07 v0.1f (TBo)

("C:\Program Files\MiKTeX 2.9\tex/latex/base\textcomp.sty"
Package: textcomp 2020/02/02 v2.0n Standard LaTeX package
)
\symTC=\mathgroup4
LaTeX Font Info:    Overwriting symbol font `TC' in version `bold'
(Font)                  TS1/cmr/m/n --> TS1/cmr/bx/n on input line 25.
LaTeX Font Info:    Redeclaring math symbol \dagger on input line 47.
LaTeX Font Info:    Redeclaring math symbol \ddagger on input line 48.
)
("C:\Program Files\MiKTeX 2.9\tex/latex/placeins\placeins.sty"
Package: placeins 2005/04/18  v 2.2
)
("C:\Program Files\MiKTeX 2.9\tex/latex/mathtools\mathtools.sty"
Package: mathtools 2020/03/24 v1.24 mathematical typesetting tools

("C:\Program Files\MiKTeX 2.9\tex/latex/tools\calc.sty"
Package: calc 2017/05/25 v4.3 Infix arithmetic (KKT,FJ)
\calc@Acount=\count191
\calc@Bcount=\count192
\calc@Adimen=\dimen149
\calc@Bdimen=\dimen150
\calc@Askip=\skip67
\calc@Bskip=\skip68
LaTeX Info: Redefining \setlength on input line 80.
LaTeX Info: Redefining \addtolength on input line 81.
\calc@Ccount=\count193
\calc@Cskip=\skip69
)
("C:\Program Files\MiKTeX 2.9\tex/latex/mathtools\mhsetup.sty"
Package: mhsetup 2017/03/31 v1.3 programming setup (MH)
)
("C:\Program Files\MiKTeX 2.9\tex/latex/amsmath\amsmath.sty"
Package: amsmath 2020/09/23 v2.17i AMS math features
\@mathmargin=\skip70

For additional information on amsmath, use the `?' option.
("C:\Program Files\MiKTeX 2.9\tex/latex/amsmath\amstext.sty"
Package: amstext 2000/06/29 v2.01 AMS text

("C:\Program Files\MiKTeX 2.9\tex/latex/amsmath\amsgen.sty"
File: amsgen.sty 1999/11/30 v2.0 generic functions
\@emptytoks=\toks19
\ex@=\dimen151
))
("C:\Program Files\MiKTeX 2.9\tex/latex/amsmath\amsbsy.sty"
Package: amsbsy 1999/11/29 v1.2d Bold Symbols
\pmbraise@=\dimen152
)
("C:\Program Files\MiKTeX 2.9\tex/latex/amsmath\amsopn.sty"
Package: amsopn 2016/03/08 v2.02 operator names
)
\inf@bad=\count194
LaTeX Info: Redefining \frac on input line 234.
\uproot@=\count195
\leftroot@=\count196
LaTeX Info: Redefining \overline on input line 399.
\classnum@=\count197
\DOTSCASE@=\count198
LaTeX Info: Redefining \ldots on input line 496.
LaTeX Info: Redefining \dots on input line 499.
LaTeX Info: Redefining \cdots on input line 620.
\Mathstrutbox@=\box53
\strutbox@=\box54
\big@size=\dimen153
LaTeX Font Info:    Redeclaring font encoding OML on input line 743.
LaTeX Font Info:    Redeclaring font encoding OMS on input line 744.
\macc@depth=\count199
\c@MaxMatrixCols=\count266
\dotsspace@=\muskip17
\c@parentequation=\count267
\dspbrk@lvl=\count268
\tag@help=\toks20
\row@=\count269
\column@=\count270
\maxfields@=\count271
\andhelp@=\toks21
\eqnshift@=\dimen154
\alignsep@=\dimen155
\tagshift@=\dimen156
\tagwidth@=\dimen157
\totwidth@=\dimen158
\lineht@=\dimen159
\@envbody=\toks22
\multlinegap=\skip71
\multlinetaggap=\skip72
\mathdisplay@stack=\toks23
LaTeX Info: Redefining \[ on input line 2923.
LaTeX Info: Redefining \] on input line 2924.
)
LaTeX Info: Thecontrolsequence`\('isalreadyrobust on input line 130.
LaTeX Info: Thecontrolsequence`\)'isalreadyrobust on input line 130.
LaTeX Info: Thecontrolsequence`\['isalreadyrobust on input line 130.
LaTeX Info: Thecontrolsequence`\]'isalreadyrobust on input line 130.
\g_MT_multlinerow_int=\count272
\l_MT_multwidth_dim=\dimen160
\origjot=\skip73
\l_MT_shortvdotswithinadjustabove_dim=\dimen161
\l_MT_shortvdotswithinadjustbelow_dim=\dimen162
\l_MT_above_intertext_sep=\dimen163
\l_MT_below_intertext_sep=\dimen164
\l_MT_above_shortintertext_sep=\dimen165
\l_MT_below_shortintertext_sep=\dimen166
\xmathstrut@box=\box55
\xmathstrut@dim=\dimen167
)
("C:\Program Files\MiKTeX 2.9\tex/latex/base\fontenc.sty"
Package: fontenc 2020/08/10 v2.0s Standard LaTeX package

("C:\Program Files\MiKTeX 2.9\tex/latex/greek-fontenc\lgrenc.def"
File: lgrenc.def 2020/09/25 1.0 LGR Greek font encoding definitions
Now handling font encoding LGR ...
... processing UTF-8 mapping file for font encoding LGR

("C:\Program Files\MiKTeX 2.9\tex/latex/greek-inputenc\lgrenc.dfu"
File: lgrenc.dfu 2019/07/11 1.7 UTF-8 support for Greek
   defining Unicode char U+00A8 (decimal 168)
   defining Unicode char U+00AB (decimal 171)
   defining Unicode char U+00AF (decimal 175)
   defining Unicode char U+00B4 (decimal 180)
   defining Unicode char U+00B7 (decimal 183)
   defining Unicode char U+00BB (decimal 187)
   defining Unicode char U+0259 (decimal 601)
   defining Unicode char U+02D8 (decimal 728)
   defining Unicode char U+0374 (decimal 884)
   defining Unicode char U+0375 (decimal 885)
   defining Unicode char U+037A (decimal 890)
   defining Unicode char U+037E (decimal 894)
   defining Unicode char U+0384 (decimal 900)
   defining Unicode char U+0385 (decimal 901)
   defining Unicode char U+0386 (decimal 902)
   defining Unicode char U+0387 (decimal 903)
   defining Unicode char U+0388 (decimal 904)
   defining Unicode char U+0389 (decimal 905)
   defining Unicode char U+038A (decimal 906)
   defining Unicode char U+038C (decimal 908)
   defining Unicode char U+038E (decimal 910)
   defining Unicode char U+038F (decimal 911)
   defining Unicode char U+0390 (decimal 912)
   defining Unicode char U+0391 (decimal 913)
   defining Unicode char U+0392 (decimal 914)
   defining Unicode char U+0393 (decimal 915)
   defining Unicode char U+0394 (decimal 916)
   defining Unicode char U+0395 (decimal 917)
   defining Unicode char U+0396 (decimal 918)
   defining Unicode char U+0397 (decimal 919)
   defining Unicode char U+0398 (decimal 920)
   defining Unicode char U+0399 (decimal 921)
   defining Unicode char U+039A (decimal 922)
   defining Unicode char U+039B (decimal 923)
   defining Unicode char U+039C (decimal 924)
   defining Unicode char U+039D (decimal 925)
   defining Unicode char U+039E (decimal 926)
   defining Unicode char U+039F (decimal 927)
   defining Unicode char U+03A0 (decimal 928)
   defining Unicode char U+03A1 (decimal 929)
   defining Unicode char U+03A3 (decimal 931)
   defining Unicode char U+03A4 (decimal 932)
   defining Unicode char U+03A5 (decimal 933)
   defining Unicode char U+03A6 (decimal 934)
   defining Unicode char U+03A7 (decimal 935)
   defining Unicode char U+03A8 (decimal 936)
   defining Unicode char U+03A9 (decimal 937)
   defining Unicode char U+03AA (decimal 938)
   defining Unicode char U+03AB (decimal 939)
   defining Unicode char U+03AC (decimal 940)
   defining Unicode char U+03AD (decimal 941)
   defining Unicode char U+03AE (decimal 942)
   defining Unicode char U+03AF (decimal 943)
   defining Unicode char U+03B0 (decimal 944)
   defining Unicode char U+03B1 (decimal 945)
   defining Unicode char U+03B2 (decimal 946)
   defining Unicode char U+03B3 (decimal 947)
   defining Unicode char U+03B4 (decimal 948)
   defining Unicode char U+03B5 (decimal 949)
   defining Unicode char U+03B6 (decimal 950)
   defining Unicode char U+03B7 (decimal 951)
   defining Unicode char U+03B8 (decimal 952)
   defining Unicode char U+03B9 (decimal 953)
   defining Unicode char U+03BA (decimal 954)
   defining Unicode char U+03BB (decimal 955)
   defining Unicode char U+03BC (decimal 956)
   defining Unicode char U+03BD (decimal 957)
   defining Unicode char U+03BE (decimal 958)
   defining Unicode char U+03BF (decimal 959)
   defining Unicode char U+03C0 (decimal 960)
   defining Unicode char U+03C1 (decimal 961)
   defining Unicode char U+03C2 (decimal 962)
   defining Unicode char U+03C3 (decimal 963)
   defining Unicode char U+03C4 (decimal 964)
   defining Unicode char U+03C5 (decimal 965)
   defining Unicode char U+03C6 (decimal 966)
   defining Unicode char U+03C7 (decimal 967)
   defining Unicode char U+03C8 (decimal 968)
   defining Unicode char U+03C9 (decimal 969)
   defining Unicode char U+03CA (decimal 970)
   defining Unicode char U+03CB (decimal 971)
   defining Unicode char U+03CC (decimal 972)
   defining Unicode char U+03CD (decimal 973)
   defining Unicode char U+03CE (decimal 974)
   defining Unicode char U+03D0 (decimal 976)
   defining Unicode char U+03D1 (decimal 977)
   defining Unicode char U+03D5 (decimal 981)
   defining Unicode char U+03D6 (decimal 982)
   defining Unicode char U+03D8 (decimal 984)
   defining Unicode char U+03D9 (decimal 985)
   defining Unicode char U+03DA (decimal 986)
   defining Unicode char U+03DB (decimal 987)
   defining Unicode char U+03DC (decimal 988)
   defining Unicode char U+03DD (decimal 989)
   defining Unicode char U+03DF (decimal 991)
   defining Unicode char U+03E0 (decimal 992)
   defining Unicode char U+03E1 (decimal 993)
   defining Unicode char U+03F0 (decimal 1008)
   defining Unicode char U+03F1 (decimal 1009)
   defining Unicode char U+03F4 (decimal 1012)
   defining Unicode char U+03F5 (decimal 1013)
   defining Unicode char U+1F00 (decimal 7936)
   defining Unicode char U+1F01 (decimal 7937)
   defining Unicode char U+1F02 (decimal 7938)
   defining Unicode char U+1F03 (decimal 7939)
   defining Unicode char U+1F04 (decimal 7940)
   defining Unicode char U+1F05 (decimal 7941)
   defining Unicode char U+1F06 (decimal 7942)
   defining Unicode char U+1F07 (decimal 7943)
   defining Unicode char U+1F08 (decimal 7944)
   defining Unicode char U+1F09 (decimal 7945)
   defining Unicode char U+1F0A (decimal 7946)
   defining Unicode char U+1F0B (decimal 7947)
   defining Unicode char U+1F0C (decimal 7948)
   defining Unicode char U+1F0D (decimal 7949)
   defining Unicode char U+1F0E (decimal 7950)
   defining Unicode char U+1F0F (decimal 7951)
   defining Unicode char U+1F10 (decimal 7952)
   defining Unicode char U+1F11 (decimal 7953)
   defining Unicode char U+1F12 (decimal 7954)
   defining Unicode char U+1F13 (decimal 7955)
   defining Unicode char U+1F14 (decimal 7956)
   defining Unicode char U+1F15 (decimal 7957)
   defining Unicode char U+1F18 (decimal 7960)
   defining Unicode char U+1F19 (decimal 7961)
   defining Unicode char U+1F1A (decimal 7962)
   defining Unicode char U+1F1B (decimal 7963)
   defining Unicode char U+1F1C (decimal 7964)
   defining Unicode char U+1F1D (decimal 7965)
   defining Unicode char U+1F20 (decimal 7968)
   defining Unicode char U+1F21 (decimal 7969)
   defining Unicode char U+1F22 (decimal 7970)
   defining Unicode char U+1F23 (decimal 7971)
   defining Unicode char U+1F24 (decimal 7972)
   defining Unicode char U+1F25 (decimal 7973)
   defining Unicode char U+1F26 (decimal 7974)
   defining Unicode char U+1F27 (decimal 7975)
   defining Unicode char U+1F28 (decimal 7976)
   defining Unicode char U+1F29 (decimal 7977)
   defining Unicode char U+1F2A (decimal 7978)
   defining Unicode char U+1F2B (decimal 7979)
   defining Unicode char U+1F2C (decimal 7980)
   defining Unicode char U+1F2D (decimal 7981)
   defining Unicode char U+1F2E (decimal 7982)
   defining Unicode char U+1F2F (decimal 7983)
   defining Unicode char U+1F30 (decimal 7984)
   defining Unicode char U+1F31 (decimal 7985)
   defining Unicode char U+1F32 (decimal 7986)
   defining Unicode char U+1F33 (decimal 7987)
   defining Unicode char U+1F34 (decimal 7988)
   defining Unicode char U+1F35 (decimal 7989)
   defining Unicode char U+1F36 (decimal 7990)
   defining Unicode char U+1F37 (decimal 7991)
   defining Unicode char U+1F38 (decimal 7992)
   defining Unicode char U+1F39 (decimal 7993)
   defining Unicode char U+1F3A (decimal 7994)
   defining Unicode char U+1F3B (decimal 7995)
   defining Unicode char U+1F3C (decimal 7996)
   defining Unicode char U+1F3D (decimal 7997)
   defining Unicode char U+1F3E (decimal 7998)
   defining Unicode char U+1F3F (decimal 7999)
   defining Unicode char U+1F40 (decimal 8000)
   defining Unicode char U+1F41 (decimal 8001)
   defining Unicode char U+1F42 (decimal 8002)
   defining Unicode char U+1F43 (decimal 8003)
   defining Unicode char U+1F44 (decimal 8004)
   defining Unicode char U+1F45 (decimal 8005)
   defining Unicode char U+1F48 (decimal 8008)
   defining Unicode char U+1F49 (decimal 8009)
   defining Unicode char U+1F4A (decimal 8010)
   defining Unicode char U+1F4B (decimal 8011)
   defining Unicode char U+1F4C (decimal 8012)
   defining Unicode char U+1F4D (decimal 8013)
   defining Unicode char U+1F50 (decimal 8016)
   defining Unicode char U+1F51 (decimal 8017)
   defining Unicode char U+1F52 (decimal 8018)
   defining Unicode char U+1F53 (decimal 8019)
   defining Unicode char U+1F54 (decimal 8020)
   defining Unicode char U+1F55 (decimal 8021)
   defining Unicode char U+1F56 (decimal 8022)
   defining Unicode char U+1F57 (decimal 8023)
   defining Unicode char U+1F59 (decimal 8025)
   defining Unicode char U+1F5B (decimal 8027)
   defining Unicode char U+1F5D (decimal 8029)
   defining Unicode char U+1F5F (decimal 8031)
   defining Unicode char U+1F60 (decimal 8032)
   defining Unicode char U+1F61 (decimal 8033)
   defining Unicode char U+1F62 (decimal 8034)
   defining Unicode char U+1F63 (decimal 8035)
   defining Unicode char U+1F64 (decimal 8036)
   defining Unicode char U+1F65 (decimal 8037)
   defining Unicode char U+1F66 (decimal 8038)
   defining Unicode char U+1F67 (decimal 8039)
   defining Unicode char U+1F68 (decimal 8040)
   defining Unicode char U+1F69 (decimal 8041)
   defining Unicode char U+1F6A (decimal 8042)
   defining Unicode char U+1F6B (decimal 8043)
   defining Unicode char U+1F6C (decimal 8044)
   defining Unicode char U+1F6D (decimal 8045)
   defining Unicode char U+1F6E (decimal 8046)
   defining Unicode char U+1F6F (decimal 8047)
   defining Unicode char U+1F70 (decimal 8048)
   defining Unicode char U+1F71 (decimal 8049)
   defining Unicode char U+1F72 (decimal 8050)
   defining Unicode char U+1F73 (decimal 8051)
   defining Unicode char U+1F74 (decimal 8052)
   defining Unicode char U+1F75 (decimal 8053)
   defining Unicode char U+1F76 (decimal 8054)
   defining Unicode char U+1F77 (decimal 8055)
   defining Unicode char U+1F78 (decimal 8056)
   defining Unicode char U+1F79 (decimal 8057)
   defining Unicode char U+1F7A (decimal 8058)
   defining Unicode char U+1F7B (decimal 8059)
   defining Unicode char U+1F7C (decimal 8060)
   defining Unicode char U+1F7D (decimal 8061)
   defining Unicode char U+1F80 (decimal 8064)
   defining Unicode char U+1F81 (decimal 8065)
   defining Unicode char U+1F82 (decimal 8066)
   defining Unicode char U+1F83 (decimal 8067)
   defining Unicode char U+1F84 (decimal 8068)
   defining Unicode char U+1F85 (decimal 8069)
   defining Unicode char U+1F86 (decimal 8070)
   defining Unicode char U+1F87 (decimal 8071)
   defining Unicode char U+1F88 (decimal 8072)
   defining Unicode char U+1F89 (decimal 8073)
   defining Unicode char U+1F8A (decimal 8074)
   defining Unicode char U+1F8B (decimal 8075)
   defining Unicode char U+1F8C (decimal 8076)
   defining Unicode char U+1F8D (decimal 8077)
   defining Unicode char U+1F8E (decimal 8078)
   defining Unicode char U+1F8F (decimal 8079)
   defining Unicode char U+1F90 (decimal 8080)
   defining Unicode char U+1F91 (decimal 8081)
   defining Unicode char U+1F92 (decimal 8082)
   defining Unicode char U+1F93 (decimal 8083)
   defining Unicode char U+1F94 (decimal 8084)
   defining Unicode char U+1F95 (decimal 8085)
   defining Unicode char U+1F96 (decimal 8086)
   defining Unicode char U+1F97 (decimal 8087)
   defining Unicode char U+1F98 (decimal 8088)
   defining Unicode char U+1F99 (decimal 8089)
   defining Unicode char U+1F9A (decimal 8090)
   defining Unicode char U+1F9B (decimal 8091)
   defining Unicode char U+1F9C (decimal 8092)
   defining Unicode char U+1F9D (decimal 8093)
   defining Unicode char U+1F9E (decimal 8094)
   defining Unicode char U+1F9F (decimal 8095)
   defining Unicode char U+1FA0 (decimal 8096)
   defining Unicode char U+1FA1 (decimal 8097)
   defining Unicode char U+1FA2 (decimal 8098)
   defining Unicode char U+1FA3 (decimal 8099)
   defining Unicode char U+1FA4 (decimal 8100)
   defining Unicode char U+1FA5 (decimal 8101)
   defining Unicode char U+1FA6 (decimal 8102)
   defining Unicode char U+1FA7 (decimal 8103)
   defining Unicode char U+1FA8 (decimal 8104)
   defining Unicode char U+1FA9 (decimal 8105)
   defining Unicode char U+1FAA (decimal 8106)
   defining Unicode char U+1FAB (decimal 8107)
   defining Unicode char U+1FAC (decimal 8108)
   defining Unicode char U+1FAD (decimal 8109)
   defining Unicode char U+1FAE (decimal 8110)
   defining Unicode char U+1FAF (decimal 8111)
   defining Unicode char U+1FB0 (decimal 8112)
   defining Unicode char U+1FB1 (decimal 8113)
   defining Unicode char U+1FB2 (decimal 8114)
   defining Unicode char U+1FB3 (decimal 8115)
   defining Unicode char U+1FB4 (decimal 8116)
   defining Unicode char U+1FB6 (decimal 8118)
   defining Unicode char U+1FB7 (decimal 8119)
   defining Unicode char U+1FB8 (decimal 8120)
   defining Unicode char U+1FB9 (decimal 8121)
   defining Unicode char U+1FBA (decimal 8122)
   defining Unicode char U+1FBB (decimal 8123)
   defining Unicode char U+1FBC (decimal 8124)
   defining Unicode char U+1FBD (decimal 8125)
   defining Unicode char U+1FBE (decimal 8126)
   defining Unicode char U+1FBF (decimal 8127)
   defining Unicode char U+1FC0 (decimal 8128)
   defining Unicode char U+1FC1 (decimal 8129)
   defining Unicode char U+1FC2 (decimal 8130)
   defining Unicode char U+1FC3 (decimal 8131)
   defining Unicode char U+1FC4 (decimal 8132)
   defining Unicode char U+1FC6 (decimal 8134)
   defining Unicode char U+1FC7 (decimal 8135)
   defining Unicode char U+1FC8 (decimal 8136)
   defining Unicode char U+1FC9 (decimal 8137)
   defining Unicode char U+1FCA (decimal 8138)
   defining Unicode char U+1FCB (decimal 8139)
   defining Unicode char U+1FCC (decimal 8140)
   defining Unicode char U+1FCD (decimal 8141)
   defining Unicode char U+1FCE (decimal 8142)
   defining Unicode char U+1FCF (decimal 8143)
   defining Unicode char U+1FD0 (decimal 8144)
   defining Unicode char U+1FD1 (decimal 8145)
   defining Unicode char U+1FD2 (decimal 8146)
   defining Unicode char U+1FD3 (decimal 8147)
   defining Unicode char U+1FD6 (decimal 8150)
   defining Unicode char U+1FD7 (decimal 8151)
   defining Unicode char U+1FD8 (decimal 8152)
   defining Unicode char U+1FD9 (decimal 8153)
   defining Unicode char U+1FDA (decimal 8154)
   defining Unicode char U+1FDB (decimal 8155)
   defining Unicode char U+1FDD (decimal 8157)
   defining Unicode char U+1FDE (decimal 8158)
   defining Unicode char U+1FDF (decimal 8159)
   defining Unicode char U+1FE0 (decimal 8160)
   defining Unicode char U+1FE1 (decimal 8161)
   defining Unicode char U+1FE2 (decimal 8162)
   defining Unicode char U+1FE3 (decimal 8163)
   defining Unicode char U+1FE4 (decimal 8164)
   defining Unicode char U+1FE5 (decimal 8165)
   defining Unicode char U+1FE6 (decimal 8166)
   defining Unicode char U+1FE7 (decimal 8167)
   defining Unicode char U+1FE8 (decimal 8168)
   defining Unicode char U+1FE9 (decimal 8169)
   defining Unicode char U+1FEA (decimal 8170)
   defining Unicode char U+1FEB (decimal 8171)
   defining Unicode char U+1FEC (decimal 8172)
   defining Unicode char U+1FED (decimal 8173)
   defining Unicode char U+1FEE (decimal 8174)
   defining Unicode char U+1FEF (decimal 8175)
   defining Unicode char U+1FF2 (decimal 8178)
   defining Unicode char U+1FF3 (decimal 8179)
   defining Unicode char U+1FF4 (decimal 8180)
   defining Unicode char U+1FF6 (decimal 8182)
   defining Unicode char U+1FF7 (decimal 8183)
   defining Unicode char U+1FF8 (decimal 8184)
   defining Unicode char U+1FF9 (decimal 8185)
   defining Unicode char U+1FFA (decimal 8186)
   defining Unicode char U+1FFB (decimal 8187)
   defining Unicode char U+1FFC (decimal 8188)
   defining Unicode char U+1FFD (decimal 8189)
   defining Unicode char U+1FFE (decimal 8190)
   defining Unicode char U+2013 (decimal 8211)
   defining Unicode char U+2014 (decimal 8212)
   defining Unicode char U+2018 (decimal 8216)
   defining Unicode char U+2019 (decimal 8217)
   defining Unicode char U+201A (decimal 8218)
   defining Unicode char U+2030 (decimal 8240)
   defining Unicode char U+2039 (decimal 8249)
   defining Unicode char U+203A (decimal 8250)
   defining Unicode char U+20AC (decimal 8364)
   defining Unicode char U+2126 (decimal 8486)
   defining Unicode char U+10144 (decimal 65860)
   defining Unicode char U+10145 (decimal 65861)
   defining Unicode char U+10146 (decimal 65862)
   defining Unicode char U+10147 (decimal 65863)
)
("C:\Program Files\MiKTeX 2.9\tex/latex/greek-fontenc\greek-fontenc.def"
File: greek-fontenc.def 2020/09/25 1.0 Common Greek font encoding definitions
)))
("C:\Program Files\MiKTeX 2.9\tex/latex/sectsty\sectsty.sty"
Package: sectsty 2002/02/25 v2.0.2 Commands to change all sectional heading sty
les


LaTeX Warning: Command \underbar  has changed.
               Check if current package is valid.


LaTeX Warning: Command \underline  has changed.
               Check if current package is valid.

)

Class scrartcl Warning: Incompatible package `sectsty' loaded!
(scrartcl)              Package `sectsty' up to version 2.0.2 is incompatible
(scrartcl)              with KOMA-Script from version 2.8e released in 2001.
(scrartcl)              You should avoid that package and configure the
(scrartcl)              section titles of your document using the KOMA-Script
(scrartcl)              user interface, e.g., \chapterlinesformat,
(scrartcl)              \RedeclareSectionCommand etc. or you should ask
(scrartcl)              the `sectsty' maintainer for a more compatible release.

(scrartcl)              Ignoring this warning could result in several error
(scrartcl)              messages and formatting issues after loading package
(scrartcl)              `sectsty' on input line 46.

("C:\Program Files\MiKTeX 2.9\tex/latex/xcolor\xcolor.sty"
Package: xcolor 2016/05/11 v2.12 LaTeX color extensions (UK)

("C:\Program Files\MiKTeX 2.9\tex/latex/graphics-cfg\color.cfg"
File: color.cfg 2016/01/02 v1.6 sample color configuration
)
Package xcolor Info: Driver file: pdftex.def on input line 225.

("C:\Program Files\MiKTeX 2.9\tex/latex/colortbl\colortbl.sty"
Package: colortbl 2020/01/04 v1.0e Color table columns (DPC)

("C:\Program Files\MiKTeX 2.9\tex/latex/tools\array.sty"
Package: array 2019/08/31 v2.4l Tabular extension package (FMi)
\col@sep=\dimen168
\ar@mcellbox=\box56
\extrarowheight=\dimen169
\NC@list=\toks24
\extratabsurround=\skip74
\backup@length=\skip75
\ar@cellbox=\box57
)
\everycr=\toks25
\minrowclearance=\skip76
)
\rownum=\count273
Package xcolor Info: Model `cmy' substituted by `cmy0' on input line 1348.
Package xcolor Info: Model `hsb' substituted by `rgb' on input line 1352.
Package xcolor Info: Model `RGB' extended on input line 1364.
Package xcolor Info: Model `HTML' substituted by `rgb' on input line 1366.
Package xcolor Info: Model `Hsb' substituted by `hsb' on input line 1367.
Package xcolor Info: Model `tHsb' substituted by `hsb' on input line 1368.
Package xcolor Info: Model `HSB' substituted by `hsb' on input line 1369.
Package xcolor Info: Model `Gray' substituted by `gray' on input line 1370.
Package xcolor Info: Model `wave' substituted by `hsb' on input line 1371.

("C:\Program Files\MiKTeX 2.9\tex/latex/graphics\dvipsnam.def"
File: dvipsnam.def 2016/06/17 v3.0m Driver-dependent file (DPC,SPQR)
)
("C:\Program Files\MiKTeX 2.9\tex/latex/xcolor\svgnam.def"
File: svgnam.def 2016/05/11 v2.12 Predefined colors according to SVG 1.1 (UK)
))
("C:\Program Files\MiKTeX 2.9\tex/latex/listings\listings.sty"
\lst@mode=\count274
\lst@gtempboxa=\box58
\lst@token=\toks26
\lst@length=\count275
\lst@currlwidth=\dimen170
\lst@column=\count276
\lst@pos=\count277
\lst@lostspace=\dimen171
\lst@width=\dimen172
\lst@newlines=\count278
\lst@lineno=\count279
\lst@maxwidth=\dimen173

("C:\Program Files\MiKTeX 2.9\tex/latex/listings\lstmisc.sty"
File: lstmisc.sty 2020/03/24 1.8d (Carsten Heinz)
\c@lstnumber=\count280
\lst@skipnumbers=\count281
\lst@framebox=\box59
)
("C:\Program Files\MiKTeX 2.9\tex/latex/listings\listings.cfg"
File: listings.cfg 2020/03/24 1.8d listings configuration
))
Package: listings 2020/03/24 1.8d (Carsten Heinz)

("C:\Program Files\MiKTeX 2.9\tex/latex/booktabs\booktabs.sty"
Package: booktabs 2020/01/12 v1.61803398 Publication quality tables
\heavyrulewidth=\dimen174
\lightrulewidth=\dimen175
\cmidrulewidth=\dimen176
\belowrulesep=\dimen177
\belowbottomsep=\dimen178
\aboverulesep=\dimen179
\abovetopsep=\dimen180
\cmidrulesep=\dimen181
\cmidrulekern=\dimen182
\defaultaddspace=\dimen183
\@cmidla=\count282
\@cmidlb=\count283
\@aboverulesep=\dimen184
\@belowrulesep=\dimen185
\@thisruleclass=\count284
\@lastruleclass=\count285
\@thisrulewidth=\dimen186
)
("C:\Program Files\MiKTeX 2.9\tex/latex/lipsum\lipsum.sty"
("C:\Program Files\MiKTeX 2.9\tex/latex/l3kernel\expl3.sty"
Package: expl3 2020-10-05 L3 programming layer (loader) 

("C:\Program Files\MiKTeX 2.9\tex/latex/l3backend\l3backend-pdftex.def"
File: l3backend-pdftex.def 2020-09-24 L3 backend support: PDF output (pdfTeX)
\l__kernel_color_stack_int=\count286
\l__pdf_internal_box=\box60
))
("C:\Program Files\MiKTeX 2.9\tex/latex/l3packages/xparse\xparse.sty"
Package: xparse 2020-10-05 L3 Experimental document command parser

("C:\Program Files\MiKTeX 2.9\tex/latex/l3packages/xparse\xparse-generic.tex"))
Package: lipsum 2019/01/02 v2.2 150 paragraphs of Lorem Ipsum dummy text
("C:\Program Files\MiKTeX 2.9\tex/latex/lipsum\lipsum.ltd.tex"
File: lipsum.ltd.tex 2019/01/02 v2.2 The Lorem ipsum dummy text
))
("C:\Program Files\MiKTeX 2.9\tex/latex/listings\lstlang1.sty"
File: lstlang1.sty 2020/03/24 1.8d listings language file
)
("C:\Program Files\MiKTeX 2.9\tex/latex/listings\lstlang2.sty"
File: lstlang2.sty 2020/03/24 1.8d listings language file
)
("C:\Program Files\MiKTeX 2.9\tex/latex/listings\lstlang3.sty"
File: lstlang3.sty 2020/03/24 1.8d listings language file
)
("C:\Program Files\MiKTeX 2.9\tex/latex/hyperref\hyperref.sty"
Package: hyperref 2020-05-15 v7.00e Hypertext links for LaTeX

("C:\Program Files\MiKTeX 2.9\tex/generic/ltxcmds\ltxcmds.sty"
Package: ltxcmds 2020-05-10 v1.25 LaTeX kernel commands for general use (HO)
)
("C:\Program Files\MiKTeX 2.9\tex/generic/iftex\iftex.sty"
Package: iftex 2020/03/06 v1.0d TeX engine tests
)
("C:\Program Files\MiKTeX 2.9\tex/generic/pdftexcmds\pdftexcmds.sty"
Package: pdftexcmds 2020-06-27 v0.33 Utility functions of pdfTeX for LuaTeX (HO
)

("C:\Program Files\MiKTeX 2.9\tex/generic/infwarerr\infwarerr.sty"
Package: infwarerr 2019/12/03 v1.5 Providing info/warning/error messages (HO)
)
Package pdftexcmds Info: \pdf@primitive is available.
Package pdftexcmds Info: \pdf@ifprimitive is available.
Package pdftexcmds Info: \pdfdraftmode found.
)
("C:\Program Files\MiKTeX 2.9\tex/generic/kvsetkeys\kvsetkeys.sty"
Package: kvsetkeys 2019/12/15 v1.18 Key value parser (HO)
)
("C:\Program Files\MiKTeX 2.9\tex/generic/kvdefinekeys\kvdefinekeys.sty"
Package: kvdefinekeys 2019-12-19 v1.6 Define keys (HO)
)
("C:\Program Files\MiKTeX 2.9\tex/generic/pdfescape\pdfescape.sty"
Package: pdfescape 2019/12/09 v1.15 Implements pdfTeX's escape features (HO)
)
("C:\Program Files\MiKTeX 2.9\tex/latex/hycolor\hycolor.sty"
Package: hycolor 2020-01-27 v1.10 Color options for hyperref/bookmark (HO)
)
("C:\Program Files\MiKTeX 2.9\tex/latex/letltxmacro\letltxmacro.sty"
Package: letltxmacro 2019/12/03 v1.6 Let assignment for LaTeX macros (HO)
)
("C:\Program Files\MiKTeX 2.9\tex/latex/auxhook\auxhook.sty"
Package: auxhook 2019-12-17 v1.6 Hooks for auxiliary files (HO)
)
("C:\Program Files\MiKTeX 2.9\tex/latex/kvoptions\kvoptions.sty"
Package: kvoptions 2019/11/29 v3.13 Key value format for package options (HO)
)
\@linkdim=\dimen187
\Hy@linkcounter=\count287
\Hy@pagecounter=\count288

("C:\Program Files\MiKTeX 2.9\tex/latex/hyperref\pd1enc.def"
File: pd1enc.def 2020-05-15 v7.00e Hyperref: PDFDocEncoding definition (HO)
Now handling font encoding PD1 ...
... no UTF-8 mapping file for font encoding PD1
)
("C:\Program Files\MiKTeX 2.9\tex/generic/intcalc\intcalc.sty"
Package: intcalc 2019/12/15 v1.3 Expandable calculations with integers (HO)
)
("C:\Program Files\MiKTeX 2.9\tex/generic/etexcmds\etexcmds.sty"
Package: etexcmds 2019/12/15 v1.7 Avoid name clashes with e-TeX commands (HO)
)
\Hy@SavedSpaceFactor=\count289
Package hyperref Info: Hyper figures OFF on input line 4464.
Package hyperref Info: Link nesting OFF on input line 4469.
Package hyperref Info: Hyper index ON on input line 4472.
Package hyperref Info: Plain pages OFF on input line 4479.
Package hyperref Info: Backreferencing OFF on input line 4484.
Package hyperref Info: Implicit mode ON; LaTeX internals redefined.
Package hyperref Info: Bookmarks ON on input line 4717.
\c@Hy@tempcnt=\count290
LaTeX Info: Redefining \url on input line 5076.
\XeTeXLinkMargin=\dimen188

("C:\Program Files\MiKTeX 2.9\tex/generic/bitset\bitset.sty"
Package: bitset 2019/12/09 v1.3 Handle bit-vector datatype (HO)

("C:\Program Files\MiKTeX 2.9\tex/generic/bigintcalc\bigintcalc.sty"
Package: bigintcalc 2019/12/15 v1.5 Expandable calculations on big integers (HO
)
))
\Fld@menulength=\count291
\Field@Width=\dimen189
\Fld@charsize=\dimen190
Package hyperref Info: Hyper figures OFF on input line 6347.
Package hyperref Info: Link nesting OFF on input line 6352.
Package hyperref Info: Hyper index ON on input line 6355.
Package hyperref Info: backreferencing OFF on input line 6362.
Package hyperref Info: Link coloring OFF on input line 6367.
Package hyperref Info: Link coloring with OCG OFF on input line 6372.
Package hyperref Info: PDF/A mode OFF on input line 6377.
LaTeX Info: Redefining \ref on input line 6417.
LaTeX Info: Redefining \pageref on input line 6421.

("C:\Program Files\MiKTeX 2.9\tex/latex/base\atbegshi-ltx.sty"
Package: atbegshi-ltx 2020/08/17 v1.0a Emulation of the original atbegshi packa
ge
with kernel methods
)
\Hy@abspage=\count292
\c@Item=\count293
\c@Hfootnote=\count294
)
Package hyperref Info: Driver: hpdftex.

("C:\Program Files\MiKTeX 2.9\tex/latex/hyperref\hpdftex.def"
File: hpdftex.def 2020-05-15 v7.00e Hyperref driver for pdfTeX

("C:\Program Files\MiKTeX 2.9\tex/latex/base\atveryend-ltx.sty"
Package: atveryend-ltx 2020/08/19 v1.0a Emulation of the original atvery packag
e
with kernel methods
)
\Fld@listcount=\count295
\c@bookmark@seq@number=\count296

("C:\Program Files\MiKTeX 2.9\tex/latex/rerunfilecheck\rerunfilecheck.sty"
Package: rerunfilecheck 2019/12/05 v1.9 Rerun checks for auxiliary files (HO)

("C:\Program Files\MiKTeX 2.9\tex/generic/uniquecounter\uniquecounter.sty"
Package: uniquecounter 2019/12/15 v1.4 Provide unlimited unique counter (HO)
)
Package uniquecounter Info: New unique counter `rerunfilecheck' on input line 2
86.
)
\Hy@SectionHShift=\skip77
)
(structure.tex
("C:\Program Files\MiKTeX 2.9\tex/latex/classicthesis\classicthesis.sty"
Package: classicthesis 2018/06/03 v4.6 Typographic style for a classic-looking 
thesis

("C:\Program Files\MiKTeX 2.9\tex/latex/base\ifthen.sty"
Package: ifthen 2014/09/29 v1.1c Standard LaTeX ifthen package (DPC)
)

Package classicthesis Warning: Chapter sectioning command not present in this d
ocument class. Deactivating options floatperchapter, linedheaders, manychapters
, listsseparated, eulerchapternumbers.

("C:\Program Files\MiKTeX 2.9\tex/generic/iftex\ifpdf.sty"
Package: ifpdf 2019/10/25 v3.4 ifpdf legacy package. Use iftex instead.
)
("C:\Program Files\MiKTeX 2.9\tex/generic/iftex\ifxetex.sty"
Package: ifxetex 2019/10/25 v0.7 ifxetex legacy package. Use iftex instead.
)
("C:\Program Files\MiKTeX 2.9\tex/generic/iftex\ifluatex.sty"
Package: ifluatex 2019/10/25 v1.5 ifluatex legacy package. Use iftex instead.
)
("C:\Program Files\MiKTeX 2.9\tex/latex/psnfss\mathpazo.sty"
Package: mathpazo 2020/03/25 PSNFSS-v9.3 Palatino w/ Pazo Math (D.Puga, WaS) 
\symupright=\mathgroup5
)
("C:\Program Files\MiKTeX 2.9\tex/latex/bera\beramono.sty"
Package: beramono 2004/01/31 (WaS)
)
("C:\Program Files\MiKTeX 2.9\tex/latex/eulervm\eulervm.sty"
Package: eulervm 2005/01/11 v4.0 (WaS)
)
LaTeX Font Info:    Trying to load font information for T1+pplj on input line 2
02.

("C:\Program Files\MiKTeX 2.9\tex/latex/psnfss\t1pplj.fd"
File: t1pplj.fd 2004/09/06 font definitions for T1/pplj.
)
("C:\Program Files\MiKTeX 2.9\tex/latex/microtype\microtype.sty"
Package: microtype 2019/11/18 v2.7d Micro-typographical refinements (RS)
\MT@toks=\toks27
\MT@count=\count297
LaTeX Info: Redefining \textls on input line 790.
\MT@outer@kern=\dimen191
LaTeX Info: Redefining \textmicrotypecontext on input line 1354.
\MT@listname@count=\count298

("C:\Program Files\MiKTeX 2.9\tex/latex/microtype\microtype-pdftex.def"
File: microtype-pdftex.def 2019/11/18 v2.7d Definitions specific to pdftex (RS)

LaTeX Info: Redefining \lsstyle on input line 914.
LaTeX Info: Redefining \lslig on input line 914.
\MT@outer@space=\skip78
)
Package microtype Info: Loading configuration file microtype.cfg.

("C:\Program Files\MiKTeX 2.9\tex/latex/microtype\microtype.cfg"
File: microtype.cfg 2019/11/18 v2.7d microtype main configuration file (RS)
))
Package classicthesis Info: A4 paper, Palatino or other on input line 251.
Package typearea Info: These are the values describing the layout:
(typearea)             DIV  = areaset
(typearea)             BCOR = 14.22636pt
(typearea)             \paperwidth      = 597.50793pt
(typearea)              \textwidth      = 336.0pt
(typearea)              \evensidemargin = 65.59715pt
(typearea)              \oddsidemargin  = 65.59715pt
(typearea)             \paperheight     = 845.04694pt
(typearea)              \textheight     = 660.5pt
(typearea)              \topmargin      = -40.58768pt
(typearea)              \headheight     = 17.0pt
(typearea)              \headsep        = 21.75pt
(typearea)              \topskip        = 12.0pt
(typearea)              \footskip       = 50.75pt
(typearea)              \baselineskip   = 14.5pt
(typearea)              on input line 251.

("C:\Program Files\MiKTeX 2.9\tex/latex/mparhack\mparhack.sty"
Package: mparhack 2005/04/17 v1.4 (T. Sgouros and S. Ulrich)
)
("C:\Program Files\MiKTeX 2.9\tex/latex/textcase\textcase.sty"
Package: textcase 2019/09/14 v1.00 Text only upper/lower case changing (DPC)
)
Package classicthesis Info: Using microtype for character spacing.Make sure you
r pdflatex is version 1.40 or higher. on input line 321.

("C:\Program Files\MiKTeX 2.9\tex/latex/koma-script\scrlayer-scrpage.sty"
Package: scrlayer-scrpage 2020/09/21 v3.32 KOMA-Script package (end user interf
ace for scrlayer)

("C:\Program Files\MiKTeX 2.9\tex/latex/koma-script\scrlayer.sty"
Package: scrlayer 2020/09/21 v3.32 KOMA-Script package (defining layers and pag
e styles)
Package scrlayer Info: Using already defined \footheight
(scrlayer)             hoping, that this is a length and
(scrlayer)             not only a macro on input line 109.
Package scrlayer Info: patching LaTeX kernel macro \pagestyle on input line 211
6.
)
Package scrlayer-scrpage Info: Makeing stand-alone element `pagehead' from
(scrlayer-scrpage)             alias to `pageheadfoot' on input line 1085.
Package scrlayer-scrpage Info: deactivating warning for font element
(scrlayer-scrpage)             `pagefoot' on input line 1109.
)
Package scrlayer-scrpage Info: auto-selection of `pagestyleset=KOMA-Script'.

1: subsection
1: section
1: section
1: subsection
("C:\Program Files\MiKTeX 2.9\tex/latex/titlesec\titlesec.sty"
Package: titlesec 2019/10/16 v2.13 Sectioning titles
\ttl@box=\box61
\beforetitleunit=\skip79
\aftertitleunit=\skip80
\ttl@plus=\dimen192
\ttl@minus=\dimen193
\ttl@toksa=\toks28
\titlewidth=\dimen194
\titlewidthlast=\dimen195
\titlewidthfirst=\dimen196
)
Class scrartcl Info: Unknown `titesec' release.
(scrartcl)           Cross your fingers, that is compatible on input line 362.


Class scrartcl Warning: Usage of package `tocloft' together
(scrartcl)              with a KOMA-Script class is not recommended.
(scrartcl)              I'd suggest to use options like `listof=entryprefix',
(scrartcl)              commands like `\listoflofentryname' or
(scrartcl)              `\listoflotentryname', and `\DeclareTOCStyleEntry' or
(scrartcl)              `\RedeclareSectionCommand' instead of this package,
(scrartcl)              because it breaks several KOMA-Script features of
(scrartcl)              the list of figures, list of tables and table of
(scrartcl)              contents, i.e., options like `listof=numbered',
(scrartcl)              `listof=flat or `toc=flat', commands like
(scrartcl)              `\BeforeTOCHead{...}' and `\AfterTOCHead{...}',
(scrartcl)              `\BeforeStartingTOC{...}' and \AfterStartingTOC{...}',
(scrartcl)              all features of `\DeclareTOCStyleEntry',
(scrartcl)              and the ToC entry features of `\DeclareSecionCommand'
(scrartcl)              and `\RedeclareSectionCommand' of levels
(scrartcl)              `part', `chapter', `section', `subsection',
(scrartcl)              `subsubsection', `paragraph' and `subparagraph'.
(scrartcl)              Nevertheless, using requested
(scrartcl)              package `tocloft' on input line 416.

("C:\Program Files\MiKTeX 2.9\tex/latex/tocloft\tocloft.sty"
Package: tocloft 2017/08/31 v2.3i parameterised ToC, etc., typesetting
Package tocloft Info: The document has section divisions on input line 51.
\cftparskip=\skip81
\cftbeforetoctitleskip=\skip82
\cftaftertoctitleskip=\skip83
\cftbeforepartskip=\skip84
\cftpartnumwidth=\skip85
\cftpartindent=\skip86
\cftbeforesecskip=\skip87
\cftsecindent=\skip88
\cftsecnumwidth=\skip89
\cftbeforesubsecskip=\skip90
\cftsubsecindent=\skip91
\cftsubsecnumwidth=\skip92
\cftbeforesubsubsecskip=\skip93
\cftsubsubsecindent=\skip94
\cftsubsubsecnumwidth=\skip95
\cftbeforeparaskip=\skip96
\cftparaindent=\skip97
\cftparanumwidth=\skip98
\cftbeforesubparaskip=\skip99
\cftsubparaindent=\skip100
\cftsubparanumwidth=\skip101
\cftbeforeloftitleskip=\skip102
\cftafterloftitleskip=\skip103
\cftbeforefigskip=\skip104
\cftfigindent=\skip105
\cftfignumwidth=\skip106
\c@lofdepth=\count299
\c@lotdepth=\count300
\cftbeforelottitleskip=\skip107
\cftafterlottitleskip=\skip108
\cftbeforetabskip=\skip109
\cfttabindent=\skip110
\cfttabnumwidth=\skip111
)
\newnumberwidth=\skip112
\beforebibskip=\skip113
\newchnumberwidth=\skip114
\figurelabelwidth=\skip115
\tablelabelwidth=\skip116
\c@listings=\count301
\cftbeforelistingsskip=\skip117
\cftlistingsindent=\skip118
\cftlistingsnumwidth=\skip119
\c@loldepth=\count302
\cftbeforeloltitleskip=\skip120
\cftafterloltitleskip=\skip121
\listingslabelwidth=\skip122

Using KOMA-command "deffootnote" for footnote setup
("C:\Program Files\MiKTeX 2.9\tex/latex/koma-script\scrtime.sty"
Package: scrtime 2020/09/21 v3.32 KOMA-Script package (time of LaTeX run)
)
("C:\Program Files\MiKTeX 2.9\tex/latex/carlisle\remreset.sty"

Package remreset Warning: The remreset package is obsolete:
(remreset)                \@removefomresset is defined.

)
Package hyperref Info: Option `colorlinks' set `true' on input line 679.
Package hyperref Info: Option `linktocpage' set `true' on input line 679.
Package hyperref Info: Option `breaklinks' set `true' on input line 679.
) ("C:\Program Files\MiKTeX 2.9\tex/latex/arsclassica\arsclassica.sty"
Package: arsclassica 2017/10/31
Package typearea Info: These are the values describing the layout:
(typearea)             DIV  = areaset
(typearea)             BCOR = 14.22636pt
(typearea)             \paperwidth      = 597.50793pt
(typearea)              \textwidth      = 370.0pt
(typearea)              \evensidemargin = 48.59715pt
(typearea)              \oddsidemargin  = 48.59715pt
(typearea)             \paperheight     = 845.04694pt
(typearea)              \textheight     = 694.5pt
(typearea)              \topmargin      = -51.92102pt
(typearea)              \headheight     = 17.0pt
(typearea)              \headsep        = 21.75pt
(typearea)              \topskip        = 12.0pt
(typearea)              \footskip       = 50.75pt
(typearea)              \baselineskip   = 14.5pt
(typearea)              on input line 17.
LaTeX Info: Redefining \spacedallcaps on input line 48.
LaTeX Info: Redefining \spacedlowsmallcaps on input line 50.


Package scrlayer-scrpage Warning: replacing deprecated \clearscrplain by
(scrlayer-scrpage)                \clearplainofpairofpagestyles on input line 1
51.

Package hyperref Info: Option `colorlinks' set `true' on input line 184.
Package hyperref Info: Option `linktocpage' set `true' on input line 184.
Package hyperref Info: Option `breaklinks' set `true' on input line 184.
Package hyperref Info: Option `pageanchor' set `true' on input line 184.
Package hyperref Info: Option `plainpages' set `false' on input line 184.
Package hyperref Info: Option `bookmarksnumbered' set `true' on input line 184.

Package hyperref Info: Option `bookmarksopen' set `true' on input line 184.
Package hyperref Info: Option `hypertexnames' set `true' on input line 184.

Package hyperref Warning: Option `hyperfootnotes' has already been used,
(hyperref)                setting the option has no effect on input line 184.


Package hyperref Warning: Option `pdfpagelabels' has already been used,
(hyperref)                setting the option has no effect on input line 184.

) ("C:\Program Files\MiKTeX 2.9\tex/latex/base\fontenc.sty"
Package: fontenc 2020/08/10 v2.0s Standard LaTeX package
)
("C:\Program Files\MiKTeX 2.9\tex/latex/base\inputenc.sty"
Package: inputenc 2020/08/01 v1.3d Input encoding file
\inpenc@prehook=\toks29
\inpenc@posthook=\toks30
)) (Manuscript.aux

LaTeX Warning: Label `BlackBody_greenhouse' multiply defined.


LaTeX Warning: Label `Noisy_channel' multiply defined.


LaTeX Warning: Label `Decision_Tree_FINAL_CV' multiply defined.


LaTeX Warning: Label `sub@Decision_Tree_FINAL_CV' multiply defined.


LaTeX Warning: Label `Random_forest_tree_results' multiply defined.


LaTeX Warning: Label `PCA+SVM_PLOT' multiply defined.

)
\openout1 = `Manuscript.aux'.

LaTeX Font Info:    Checking defaults for OML/cmm/m/it on input line 77.
LaTeX Font Info:    ... okay on input line 77.
LaTeX Font Info:    Checking defaults for OMS/cmsy/m/n on input line 77.
LaTeX Font Info:    ... okay on input line 77.
LaTeX Font Info:    Checking defaults for OT1/cmr/m/n on input line 77.
LaTeX Font Info:    ... okay on input line 77.
LaTeX Font Info:    Checking defaults for T1/cmr/m/n on input line 77.
LaTeX Font Info:    ... okay on input line 77.
LaTeX Font Info:    Checking defaults for TS1/cmr/m/n on input line 77.
LaTeX Font Info:    ... okay on input line 77.
LaTeX Font Info:    Checking defaults for OMX/cmex/m/n on input line 77.
LaTeX Font Info:    ... okay on input line 77.
LaTeX Font Info:    Checking defaults for U/cmr/m/n on input line 77.
LaTeX Font Info:    ... okay on input line 77.
LaTeX Font Info:    Checking defaults for LGR/cmr/m/n on input line 77.
LaTeX Font Info:    Trying to load font information for LGR+cmr on input line 7
7.
 ("C:\Program Files\MiKTeX 2.9\tex/latex/cbfonts-fd\lgrcmr.fd"
File: lgrcmr.fd 2017/07/29 v1.2 Greek European Computer Regular
)
LaTeX Font Info:    ... okay on input line 77.
LaTeX Font Info:    Checking defaults for PD1/pdf/m/n on input line 77.
LaTeX Font Info:    ... okay on input line 77.
Package scrbase Info: activating english \contentsname on input line 77.
Package scrbase Info: activating english \listfigurename on input line 77.
Package scrbase Info: activating english \listtablename on input line 77.

("C:\Program Files\MiKTeX 2.9\tex/context/base/mkii\supp-pdf.mkii"
[Loading MPS to PDF converter (version 2006.09.02).]
\scratchcounter=\count303
\scratchdimen=\dimen197
\scratchbox=\box62
\nofMPsegments=\count304
\nofMParguments=\count305
\everyMPshowfont=\toks31
\MPscratchCnt=\count306
\MPscratchDim=\dimen198
\MPnumerator=\count307
\makeMPintoPDFobject=\count308
\everyMPtoPDFconversion=\toks32
) ("C:\Program Files\MiKTeX 2.9\tex/latex/epstopdf-pkg\epstopdf-base.sty"
Package: epstopdf-base 2020-01-24 v2.11 Base part for package epstopdf

("C:\Program Files\MiKTeX 2.9\tex/latex/grfext\grfext.sty"
Package: grfext 2019/12/03 v1.3 Manage graphics extensions (HO)
)
Package epstopdf-base Info: Redefining graphics rule for `.eps' on input line 4
85.
Package grfext Info: Graphics extension search list:
(grfext)             [.pdf,.png,.jpg,.mps,.jpeg,.jbig2,.jb2,.PDF,.PNG,.JPG,.JPE
G,.JBIG2,.JB2,.eps]
(grfext)             \AppendGraphicsExtensions on input line 504.
)
Package caption Info: Begin \AtBeginDocument code.
Package caption Info: float package is loaded.
Package caption Info: hyperref package is loaded.
Package caption Info: listings package is loaded.
Package caption Info: End \AtBeginDocument code.
\c@lstlisting=\count309
Package hyperref Info: Link coloring ON on input line 77.

("C:\Program Files\MiKTeX 2.9\tex/latex/hyperref\nameref.sty"
Package: nameref 2019/09/16 v2.46 Cross-referencing by name of section

("C:\Program Files\MiKTeX 2.9\tex/latex/refcount\refcount.sty"
Package: refcount 2019/12/15 v3.6 Data extraction from label references (HO)
)
("C:\Program Files\MiKTeX 2.9\tex/generic/gettitlestring\gettitlestring.sty"
Package: gettitlestring 2019/12/15 v1.6 Cleanup title references (HO)
)
\c@section@level=\count310
)
LaTeX Info: Redefining \ref on input line 77.
LaTeX Info: Redefining \pageref on input line 77.
LaTeX Info: Redefining \nameref on input line 77.

(Manuscript.out) (Manuscript.out)
\@outlinefile=\write3
\openout3 = `Manuscript.out'.

Class scrartcl Info: loading recommended package `bookmark'.
(scrartcl)           Using `bookmark' together with `hyperref' is recommended,
(scrartcl)           because of handling of possible bookmark level gaps.
(scrartcl)           You can avoid loading `bookmark' with KOMA-Script option
(scrartcl)           `bookmarkpackage=false' before \begin{document} and
(scrartcl)           you can avoid this message adding:
(scrartcl)             \usepackage{bookmark}
(scrartcl)           before \begin{document} on input line 77.

("C:\Program Files\MiKTeX 2.9\tex/latex/bookmark\bookmark.sty"
Package: bookmark 2019/12/03 v1.28 PDF bookmarks (HO)

("C:\Program Files\MiKTeX 2.9\tex/latex/bookmark\bkm-pdftex.def"
File: bkm-pdftex.def 2019/12/03 v1.28 bookmark driver for pdfTeX (HO)
Package auxhook Info: \AddLineBeginMainAux comes a little late,
(auxhook)             because the main .aux file is already opened on input lin
e 168.
\BKM@id=\count311
))
LaTeX Info: Redefining \microtypecontext on input line 77.
Package microtype Info: Generating PDF output.
Package microtype Info: Character protrusion enabled (level 2).
Package microtype Info: Using default protrusion set `alltext'.
Package microtype Info: No font expansion.
Package microtype Info: No adjustment of tracking.
Package microtype Info: No adjustment of interword spacing.
Package microtype Info: No adjustment of character kerning.

("C:\Program Files\MiKTeX 2.9\tex/latex/microtype\mt-ppl.cfg"
File: mt-ppl.cfg 2005/11/16 v1.6 microtype config. file: Palatino (RS)
)
LaTeX Font Info:    Trying to load font information for U+zeur on input line 11
3.

("C:\Program Files\MiKTeX 2.9\tex/latex/eulervm\uzeur.fd"
File: uzeur.fd 2005/01/11 v4.0 (WaS)
)
("C:\Program Files\MiKTeX 2.9\tex/latex/microtype\mt-eur.cfg"
File: mt-eur.cfg 2006/07/31 v1.1 microtype config. file: AMS Euler Roman (RS)
)
LaTeX Font Info:    Trying to load font information for U+zeus on input line 11
3.

("C:\Program Files\MiKTeX 2.9\tex/latex/eulervm\uzeus.fd"
File: uzeus.fd 2005/01/11 v4.0 (WaS)
)
("C:\Program Files\MiKTeX 2.9\tex/latex/microtype\mt-eus.cfg"
File: mt-eus.cfg 2006/07/28 v1.2 microtype config. file: AMS Euler Script (RS)
)
LaTeX Font Info:    Trying to load font information for U+zeuex on input line 1
13.

("C:\Program Files\MiKTeX 2.9\tex/latex/eulervm\uzeuex.fd"
File: uzeuex.fd 2005/01/11 v4.0 (WaS)
)
("C:\Program Files\MiKTeX 2.9\tex/latex/microtype\mt-cmr.cfg"
File: mt-cmr.cfg 2013/05/19 v2.2 microtype config. file: Computer Modern Roman 
(RS)
)
LaTeX Font Info:    Trying to load font information for OT1+zplm on input line 
113.

("C:\Program Files\MiKTeX 2.9\tex/latex/psnfss\ot1zplm.fd"
File: ot1zplm.fd 2002/09/08 Fontinst v1.914 font definitions for OT1/zplm.
)
Package microtype Info: Loading generic protrusion settings for font family
(microtype)             `zplm' (encoding: OT1).
(microtype)             For optimal results, create family-specific settings.
(microtype)             See the microtype manual for details.
 [1


{C:/Users/Marzio/AppData/Local/MiKTeX/2.9/pdftex/config/pdftex.map}]
<Pic/Exoplanet_picture.jpg, id=10, 803.0pt x 752.8125pt>
File: Pic/Exoplanet_picture.jpg Graphic file (type jpg)
<use Pic/Exoplanet_picture.jpg>
Package pdftex.def Info: Pic/Exoplanet_picture.jpg  used on input line 117.
(pdftex.def)             Requested size: 370.0pt x 346.88379pt.
LaTeX Font Info:    Trying to load font information for T1+iwona on input line 
118.

("C:\Program Files\MiKTeX 2.9\tex/latex/iwona\t1iwona.fd"
File: t1iwona.fd 2008/07/22 v0.995 font definition file for T1/iwona (MW)
)
Package microtype Info: Loading generic protrusion settings for font family
(microtype)             `iwona' (encoding: T1).
(microtype)             For optimal results, create family-specific settings.
(microtype)             See the microtype manual for details.
 [2 <./Pic/Exoplanet_picture.jpg>] [3]
Package tocbasic Info: character protrusion at toc deactivated on input line 14
2.
 (Manuscript.toc
Package microtype Info: Character `029' is missing
(microtype)             in font `T1/pplj/m/sc/12'.
(microtype)             Ignoring protrusion settings for this character.
)
\tf@toc=\write4
\openout4 = `Manuscript.toc'.

 [4]
Package microtype Info: Character `029' is missing
(microtype)             in font `T1/iwona/m/sc/17.28'.
(microtype)             Ignoring protrusion settings for this character.
 [5] [6]
<Pic/press-web25_exoplanet_populations.jpg, id=153, 1156.32pt x 650.43pt>
File: Pic/press-web25_exoplanet_populations.jpg Graphic file (type jpg)
<use Pic/press-web25_exoplanet_populations.jpg>
Package pdftex.def Info: Pic/press-web25_exoplanet_populations.jpg  used on inp
ut line 199.
(pdftex.def)             Requested size: 370.0pt x 208.122pt.
<Pic/PT_Confirmed.jpg, id=156, 1674.255pt x 1084.05pt>
File: Pic/PT_Confirmed.jpg Graphic file (type jpg)
<use Pic/PT_Confirmed.jpg>
Package pdftex.def Info: Pic/PT_Confirmed.jpg  used on input line 207.
(pdftex.def)             Requested size: 370.0pt x 239.56691pt.


LaTeX Warning: `h' float specifier changed to `ht'.

<Pic/Greenhouse-effect-t2.png, id=159, 1927.2pt x 1168.365pt>
File: Pic/Greenhouse-effect-t2.png Graphic file (type png)
<use Pic/Greenhouse-effect-t2.png>
Package pdftex.def Info: Pic/Greenhouse-effect-t2.png  used on input line 216.
(pdftex.def)             Requested size: 370.0pt x 224.30927pt.

LaTeX Warning: `h' float specifier changed to `ht'.

<Pic/BlackBody_greenhouse.png, id=163, 866.48718pt x 591.71063pt>
File: Pic/BlackBody_greenhouse.png Graphic file (type png)
<use Pic/BlackBody_greenhouse.png>
Package pdftex.def Info: Pic/BlackBody_greenhouse.png  used on input line 224.
(pdftex.def)             Requested size: 370.0pt x 252.67pt.

LaTeX Warning: `h' float specifier changed to `ht'.

<Pic/Absorption_gas.png, id=166, 520.94624pt x 652.68843pt>
File: Pic/Absorption_gas.png Graphic file (type png)
<use Pic/Absorption_gas.png>
Package pdftex.def Info: Pic/Absorption_gas.png  used on input line 232.
(pdftex.def)             Requested size: 370.0pt x 463.57138pt.

LaTeX Warning: `h' float specifier changed to `ht'.

<Pic/Planets_habitability_Seager.png, id=169, 1035.11719pt x 686.565pt>
File: Pic/Planets_habitability_Seager.png Graphic file (type png)
<use Pic/Planets_habitability_Seager.png>
Package pdftex.def Info: Pic/Planets_habitability_Seager.png  used on input lin
e 240.
(pdftex.def)             Requested size: 370.0pt x 245.4137pt.

LaTeX Warning: `h' float specifier changed to `ht'.

[7 <./Pic/press-web25_exoplanet_populations.jpg>] [8 <./Pic/PT_Confirmed.jpg> <
./Pic/Greenhouse-effect-t2.png>] [9 <./Pic/BlackBody_greenhouse.png>] [10 <./Pi
c/Absorption_gas.png>] [11 <./Pic/Planets_habitability_Seager.png>]

LaTeX Warning: No positions in optional float specifier.
               Default added (so using `tbp') on input line 254.


Overfull \hbox (19.96396pt too wide) in paragraph at lines 256--276
[][]
 []

<Pic/S_T_T_explanation.png, id=220, 455.301pt x 481.8pt>
File: Pic/S_T_T_explanation.png Graphic file (type png)
<use Pic/S_T_T_explanation.png>
Package pdftex.def Info: Pic/S_T_T_explanation.png  used on input line 280.
(pdftex.def)             Requested size: 332.99774pt x 352.38742pt.

LaTeX Warning: `h' float specifier changed to `ht'.

[12

] [13] [14 <./Pic/S_T_T_explanation.png>]
Underfull \hbox (badness 10000) in paragraph at lines 291--293

 []

<Pic/Noisy_channel.png, id=256, 624.83438pt x 320.69812pt>
File: Pic/Noisy_channel.png Graphic file (type png)
<use Pic/Noisy_channel.png>
Package pdftex.def Info: Pic/Noisy_channel.png  used on input line 299.
(pdftex.def)             Requested size: 332.99774pt x 170.91362pt.

LaTeX Warning: `h' float specifier changed to `ht'.

[15

] [16 <./Pic/Noisy_channel.png>]
Package microtype Info: Character `029' is missing
(microtype)             in font `T1/iwona/b/sc/12'.
(microtype)             Ignoring protrusion settings for this character.
LaTeX Font Info:    Trying to load font information for LGR+pplj on input line 
327.
LaTeX Font Info:    No file LGRpplj.fd. on input line 327.


LaTeX Font Warning: Font shape `LGR/pplj/m/n' undefined
(Font)              using `LGR/cmr/m/n' instead on input line 327.

LaTeX Font Info:    Trying to load font information for OT1+pplj on input line 
327.
("C:\Program Files\MiKTeX 2.9\tex/latex/psnfss\ot1pplj.fd"
File: ot1pplj.fd 2004/09/06 font definitions for OT1/pplj.
) [17

]
<Pic/random-forest-algorithm2.png, id=313, 602.25pt x 501.875pt>
File: Pic/random-forest-algorithm2.png Graphic file (type png)
<use Pic/random-forest-algorithm2.png>
Package pdftex.def Info: Pic/random-forest-algorithm2.png  used on input line 3
47.
(pdftex.def)             Requested size: 332.99774pt x 277.51009pt.
 [18] [19 <./Pic/random-forest-algorithm2.png>]
<Pic/kernel_trick.png, id=343, 875.27pt x 489.83pt>
File: Pic/kernel_trick.png Graphic file (type png)
<use Pic/kernel_trick.png>
Package pdftex.def Info: Pic/kernel_trick.png  used on input line 365.
(pdftex.def)             Requested size: 332.99774pt x 186.35408pt.
 [20

 <./Pic/kernel_trick.png (PNG copy)>]
[21]
<Pic/Kernels_Type.png, id=380, 435.12563pt x 322.20375pt>
File: Pic/Kernels_Type.png Graphic file (type png)
<use Pic/Kernels_Type.png>
Package pdftex.def Info: Pic/Kernels_Type.png  used on input line 416.
(pdftex.def)             Requested size: 332.99774pt x 246.59322pt.
 [22 <./Pic/Kernels_Type.png>] [23] [24]
<Pic/Merge.png, id=430, 1102.87032pt x 1382.91656pt>
File: Pic/Merge.png Graphic file (type png)
<use Pic/Merge.png>
Package pdftex.def Info: Pic/Merge.png  used on input line 472.
(pdftex.def)             Requested size: 370.0pt x 463.96045pt.
<Pic/Corr_chart.pdf, id=431, 426.59375pt x 393.47pt>
File: Pic/Corr_chart.pdf Graphic file (type pdf)
<use Pic/Corr_chart.pdf>
Package pdftex.def Info: Pic/Corr_chart.pdf  used on input line 480.
(pdftex.def)             Requested size: 370.0pt x 341.28946pt.


LaTeX Warning: `h' float specifier changed to `ht'.

<Pic/FAMD_squared_loadings.pdf, id=432, 426.59375pt x 393.47pt>
File: Pic/FAMD_squared_loadings.pdf Graphic file (type pdf)
<use Pic/FAMD_squared_loadings.pdf>
Package pdftex.def Info: Pic/FAMD_squared_loadings.pdf  used on input line 490.

(pdftex.def)             Requested size: 185.0pt x 170.63573pt.
<Pic/FAMD_quantitative_variables.pdf, id=433, 426.59375pt x 393.47pt>
File: Pic/FAMD_quantitative_variables.pdf Graphic file (type pdf)
<use Pic/FAMD_quantitative_variables.pdf>
Package pdftex.def Info: Pic/FAMD_quantitative_variables.pdf  used on input lin
e 491.
(pdftex.def)             Requested size: 185.0pt x 170.63573pt.
<Pic/FAMD_Qualitative_VAR.pdf, id=434, 426.59375pt x 393.47pt>
File: Pic/FAMD_Qualitative_VAR.pdf Graphic file (type pdf)
<use Pic/FAMD_Qualitative_VAR.pdf>
Package pdftex.def Info: Pic/FAMD_Qualitative_VAR.pdf  used on input line 492.
(pdftex.def)             Requested size: 185.0pt x 170.63573pt.

LaTeX Warning: `h' float specifier changed to `ht'.

[25 <./Pic/Merge.png>] [26 <./Pic/Corr_chart.pdf>] [27 <./Pic/FAMD_squared_load
ings.pdf> <./Pic/FAMD_quantitative_variables.pdf> <./Pic/FAMD_Qualitative_VAR.p
df>]
<Pic/cp_vs_ROC.pdf, id=484, 426.59375pt x 393.47pt>
File: Pic/cp_vs_ROC.pdf Graphic file (type pdf)
<use Pic/cp_vs_ROC.pdf>
Package pdftex.def Info: Pic/cp_vs_ROC.pdf  used on input line 506.
(pdftex.def)             Requested size: 296.00113pt x 273.03157pt.


LaTeX Warning: `h' float specifier changed to `ht'.

<Pic/DecisionTree.pdf, id=485, 325.215pt x 400.49625pt>
File: Pic/DecisionTree.pdf Graphic file (type pdf)
<use Pic/DecisionTree.pdf>
Package pdftex.def Info: Pic/DecisionTree.pdf  used on input line 516.
(pdftex.def)             Requested size: 185.0pt x 227.8269pt.
<Pic/Var_imp_dec_tree.pdf, id=486, 325.215pt x 400.49625pt>
File: Pic/Var_imp_dec_tree.pdf Graphic file (type pdf)
<use Pic/Var_imp_dec_tree.pdf>
Package pdftex.def Info: Pic/Var_imp_dec_tree.pdf  used on input line 517.
(pdftex.def)             Requested size: 185.0pt x 227.8269pt.

LaTeX Warning: `h' float specifier changed to `ht'.

<Pic/Decision_Tree_FINAL_CV.pdf, id=489, 438.63875pt x 403.5075pt>
File: Pic/Decision_Tree_FINAL_CV.pdf Graphic file (type pdf)
<use Pic/Decision_Tree_FINAL_CV.pdf>
Package pdftex.def Info: Pic/Decision_Tree_FINAL_CV.pdf  used on input line 526
.
(pdftex.def)             Requested size: 222.00226pt x 204.22221pt.
<Pic/Decision_Tree_FINAL_ROC.pdf, id=490, 438.63875pt x 403.5075pt>
File: Pic/Decision_Tree_FINAL_ROC.pdf Graphic file (type pdf)
<use Pic/Decision_Tree_FINAL_ROC.pdf>
Package pdftex.def Info: Pic/Decision_Tree_FINAL_ROC.pdf  used on input line 52
7.
(pdftex.def)             Requested size: 222.00226pt x 204.22221pt.
<Pic/Random_forest_trees.pdf, id=491, 456.70625pt x 403.5075pt>
File: Pic/Random_forest_trees.pdf Graphic file (type pdf)
<use Pic/Random_forest_trees.pdf>
Package pdftex.def Info: Pic/Random_forest_trees.pdf  used on input line 534.
(pdftex.def)             Requested size: 185.0pt x 163.45042pt.
<Pic/mtry_Random_forest.pdf, id=492, 456.70625pt x 403.5075pt>
File: Pic/mtry_Random_forest.pdf Graphic file (type pdf)
<use Pic/mtry_Random_forest.pdf>
Package pdftex.def Info: Pic/mtry_Random_forest.pdf  used on input line 535.
(pdftex.def)             Requested size: 185.0pt x 163.45042pt.

LaTeX Warning: `h' float specifier changed to `ht'.

<Pic/Proximity_Random_forest.pdf, id=493, 456.70625pt x 403.5075pt>
File: Pic/Proximity_Random_forest.pdf Graphic file (type pdf)
<use Pic/Proximity_Random_forest.pdf>
Package pdftex.def Info: Pic/Proximity_Random_forest.pdf  used on input line 54
2.
(pdftex.def)             Requested size: 296.00113pt x 261.53177pt.
<Pic/Random_forest_importance.pdf, id=494, 456.70625pt x 403.5075pt>
File: Pic/Random_forest_importance.pdf Graphic file (type pdf)
<use Pic/Random_forest_importance.pdf>
Package pdftex.def Info: Pic/Random_forest_importance.pdf  used on input line 5
43.
(pdftex.def)             Requested size: 296.00113pt x 261.53177pt.

LaTeX Warning: `h' float specifier changed to `ht'.

<Pic/Random_Forest_FINAL_CV.pdf, id=497, 438.63875pt x 403.5075pt>
File: Pic/Random_Forest_FINAL_CV.pdf Graphic file (type pdf)
<use Pic/Random_Forest_FINAL_CV.pdf>
Package pdftex.def Info: Pic/Random_Forest_FINAL_CV.pdf  used on input line 550
.
(pdftex.def)             Requested size: 222.00226pt x 204.22221pt.
<Pic/Random_Forest_FINAL_ROC.pdf, id=498, 438.63875pt x 403.5075pt>
File: Pic/Random_Forest_FINAL_ROC.pdf Graphic file (type pdf)
<use Pic/Random_Forest_FINAL_ROC.pdf>
Package pdftex.def Info: Pic/Random_Forest_FINAL_ROC.pdf  used on input line 55
1.
(pdftex.def)             Requested size: 222.00226pt x 204.22221pt.

LaTeX Warning: `h' float specifier changed to `ht'.

[28

] [29 <./Pic/cp_vs_ROC.pdf>] [30 <./Pic/DecisionTree.pdf> <./Pic/Var_imp_dec_tr
ee.pdf>] [31 <./Pic/Decision_Tree_FINAL_CV.pdf> <./Pic/Decision_Tree_FINAL_ROC.
pdf>] [32 <./Pic/Random_forest_trees.pdf> <./Pic/mtry_Random_forest.pdf>]
[33 <./Pic/Proximity_Random_forest.pdf> <./Pic/Random_forest_importance.pdf>]
[34 <./Pic/Random_Forest_FINAL_CV.pdf> <./Pic/Random_Forest_FINAL_ROC.pdf>]
<Pic/SVM_tuning.png, id=613, 384.6872pt x 331.99031pt>
File: Pic/SVM_tuning.png Graphic file (type png)
<use Pic/SVM_tuning.png>
Package pdftex.def Info: Pic/SVM_tuning.png  used on input line 565.
(pdftex.def)             Requested size: 296.00113pt x 255.4712pt.


LaTeX Warning: `h' float specifier changed to `ht'.

<Pic/SVM_FINAL_CV.pdf, id=614, 438.63875pt x 403.5075pt>
File: Pic/SVM_FINAL_CV.pdf Graphic file (type pdf)
<use Pic/SVM_FINAL_CV.pdf>
Package pdftex.def Info: Pic/SVM_FINAL_CV.pdf  used on input line 573.
(pdftex.def)             Requested size: 222.00226pt x 204.22221pt.
<Pic/SVM_FINAL_ROC.pdf, id=615, 438.63875pt x 403.5075pt>
File: Pic/SVM_FINAL_ROC.pdf Graphic file (type pdf)
<use Pic/SVM_FINAL_ROC.pdf>
Package pdftex.def Info: Pic/SVM_FINAL_ROC.pdf  used on input line 574.
(pdftex.def)             Requested size: 222.00226pt x 204.22221pt.

LaTeX Warning: `h' float specifier changed to `ht'.

<Pic/PCA+SVM_PLOT.pdf, id=616, 426.59375pt x 393.47pt>
File: Pic/PCA+SVM_PLOT.pdf Graphic file (type pdf)
<use Pic/PCA+SVM_PLOT.pdf>
Package pdftex.def Info: Pic/PCA+SVM_PLOT.pdf  used on input line 581.
(pdftex.def)             Requested size: 370.0pt x 341.28946pt.

LaTeX Warning: `h' float specifier changed to `ht'.

<Pic/SVM_PCA_CV.pdf, id=617, 438.63875pt x 403.5075pt>
File: Pic/SVM_PCA_CV.pdf Graphic file (type pdf)
<use Pic/SVM_PCA_CV.pdf>
Package pdftex.def Info: Pic/SVM_PCA_CV.pdf  used on input line 591.
(pdftex.def)             Requested size: 222.00226pt x 204.22221pt.
<Pic/SVM_PCA_ROC.pdf, id=618, 438.63875pt x 403.5075pt>
File: Pic/SVM_PCA_ROC.pdf Graphic file (type pdf)
<use Pic/SVM_PCA_ROC.pdf>
Package pdftex.def Info: Pic/SVM_PCA_ROC.pdf  used on input line 592.
(pdftex.def)             Requested size: 222.00226pt x 204.22221pt.

LaTeX Warning: `h' float specifier changed to `ht'.

[35

] [36 <./Pic/SVM_tuning.png>] [37 <./Pic/SVM_FINAL_CV.pdf> <./Pic/SVM_FINAL_ROC
.pdf>] [38 <./Pic/PCA+SVM_PLOT.pdf>] [39 <./Pic/SVM_PCA_CV.pdf> <./Pic/SVM_PCA_
ROC.pdf>]
<Pic/LOG_FULL.pdf, id=675, 438.63875pt x 403.5075pt>
File: Pic/LOG_FULL.pdf Graphic file (type pdf)
<use Pic/LOG_FULL.pdf>
Package pdftex.def Info: Pic/LOG_FULL.pdf  used on input line 605.
(pdftex.def)             Requested size: 222.00226pt x 204.22221pt.
<Pic/LOG_FULL_ROC.pdf, id=676, 438.63875pt x 403.5075pt>
File: Pic/LOG_FULL_ROC.pdf Graphic file (type pdf)
<use Pic/LOG_FULL_ROC.pdf>
Package pdftex.def Info: Pic/LOG_FULL_ROC.pdf  used on input line 606.
(pdftex.def)             Requested size: 222.00226pt x 204.22221pt.


LaTeX Warning: `h' float specifier changed to `ht'.

[40

] [41 <./Pic/LOG_FULL.pdf> <./Pic/LOG_FULL_ROC.pdf>]
<Pic/LDA_FULL_CV.pdf, id=702, 438.63875pt x 403.5075pt>
File: Pic/LDA_FULL_CV.pdf Graphic file (type pdf)
<use Pic/LDA_FULL_CV.pdf>
Package pdftex.def Info: Pic/LDA_FULL_CV.pdf  used on input line 620.
(pdftex.def)             Requested size: 147.99774pt x 136.14404pt.
<Pic/QDA_FULL_CV.pdf, id=703, 438.63875pt x 403.5075pt>
File: Pic/QDA_FULL_CV.pdf Graphic file (type pdf)
<use Pic/QDA_FULL_CV.pdf>
Package pdftex.def Info: Pic/QDA_FULL_CV.pdf  used on input line 621.
(pdftex.def)             Requested size: 147.99774pt x 136.14404pt.
<Pic/LDA_FULL_ROC.pdf, id=704, 438.63875pt x 403.5075pt>
File: Pic/LDA_FULL_ROC.pdf Graphic file (type pdf)
<use Pic/LDA_FULL_ROC.pdf>
Package pdftex.def Info: Pic/LDA_FULL_ROC.pdf  used on input line 622.
(pdftex.def)             Requested size: 147.99774pt x 136.14404pt.
<Pic/QDA_FULL_ROC.pdf, id=705, 438.63875pt x 403.5075pt>
File: Pic/QDA_FULL_ROC.pdf Graphic file (type pdf)
<use Pic/QDA_FULL_ROC.pdf>
Package pdftex.def Info: Pic/QDA_FULL_ROC.pdf  used on input line 623.
(pdftex.def)             Requested size: 147.99774pt x 136.14404pt.
<Pic/QDA_project_FULL.pdf, id=706, 684.5575pt x 684.5575pt>
File: Pic/QDA_project_FULL.pdf Graphic file (type pdf)
<use Pic/QDA_project_FULL.pdf>
Package pdftex.def Info: Pic/QDA_project_FULL.pdf  used on input line 632.
(pdftex.def)             Requested size: 370.0pt x 370.01068pt.


LaTeX Warning: `h' float specifier changed to `ht'.

<Pic/QDA_project_RED.pdf, id=707, 426.59375pt x 393.47pt>
File: Pic/QDA_project_RED.pdf Graphic file (type pdf)
<use Pic/QDA_project_RED.pdf>
Package pdftex.def Info: Pic/QDA_project_RED.pdf  used on input line 640.
(pdftex.def)             Requested size: 370.0pt x 341.28946pt.

LaTeX Warning: `h' float specifier changed to `ht'.

[42

 <./Pic/LDA_FULL_CV.pdf> <./Pic/QDA_FULL_CV.pdf> <./Pic/LDA_FULL_ROC.pdf> <./Pi
c/QDA_FULL_ROC.pdf>] [43 <./Pic/QDA_project_FULL.pdf>] [44 <./Pic/QDA_project_R
ED.pdf>]

LaTeX Warning: No positions in optional float specifier.
               Default added (so using `tbp') on input line 649.

[45]
LaTeX Font Info:    Trying to load font information for T1+fvm on input line 68
3.
 ("C:\Program Files\MiKTeX 2.9\tex/latex/bera\t1fvm.fd"
File: t1fvm.fd 2004/09/07 scalable font definitions for T1/fvm.
)
LaTeX Font Info:    Font shape `T1/fvm/m/n' will be
(Font)              scaled to size 10.20007pt on input line 683.
Package microtype Info: Loading generic protrusion settings for font family
(microtype)             `fvm' (encoding: T1).
(microtype)             For optimal results, create family-specific settings.
(microtype)             See the microtype manual for details.
 (Script.R [46


]
[47] [48] [49] [50] [51] [52] [53] [54] [55] [56] [57] [58] [59])
(Manuscript.bbl
Underfull \hbox (badness 10000) in paragraph at lines 4--5
[][][]$\T1/fvm/m/n/12 https : / / exoplanets . nasa . gov / news / 1605 /
 []

[60]
Underfull \hbox (badness 2293) in paragraph at lines 62--66
[]\T1/pplj/m/n/12 Richard P. Feyn-man.  The feyn-man lec-tures on physics.
 []


Underfull \hbox (badness 10000) in paragraph at lines 62--66
[][]$\T1/fvm/m/n/12 https : / / www . feynmanlectures . caltech . edu / II _ 21
 . html #
 []


Underfull \hbox (badness 10000) in paragraph at lines 80--81
[][][]$\T1/fvm/m/n/12 https : / / upload . wikimedia . org / wikipedia / common
s / 6 / 61 /
 []


Underfull \hbox (badness 10000) in paragraph at lines 83--84
[][][]$\T1/fvm/m/n/12 https : / / upload . wikimedia . org / wikipedia / common
s / 0 / 04 /
 []


Underfull \hbox (badness 3364) in paragraph at lines 86--90
[]\T1/pplj/m/n/12 Franois For-get and Jeremy Leconte.  Pos-si-ble cli-mates
 []


Underfull \hbox (badness 2600) in paragraph at lines 86--90
\T1/pplj/m/n/12 on ter-res-trial ex-o-plan-ets.  \T1/pplj/m/it/12 Philo-soph-i-
cal Trans-ac-tions of the
 []

[61]
Underfull \hbox (badness 10000) in paragraph at lines 129--130
[][][]$\T1/fvm/m/n/12 https : / / www . nasa . gov / sites / default / files / 
thumbnails /
 []


Overfull \hbox (5.64812pt too wide) in paragraph at lines 132--133
[][][]$\T1/fvm/m/n/12 http : / / phl . upr . edu / projects / habitable-[]exopl
anets-[]catalog /
 []


Overfull \hbox (5.64812pt too wide) in paragraph at lines 160--161
[][][]$\T1/fvm/m/n/12 http : / / phl . upr . edu / projects / habitable-[]exopl
anets-[]catalog /
 []


Underfull \hbox (badness 10000) in paragraph at lines 163--164
[][][]$\T1/fvm/m/n/12 https : / / www . slideserve . com / ruth-[]york /
 []


Overfull \hbox (16.41257pt too wide) in paragraph at lines 163--164
\T1/fvm/m/n/12 chapter-[]15-[]surveying-[]the-[]stars-[]powerpoint-[]ppt-[]pres
entation$[][]\T1/pplj/m/n/12 . 
 []

[62]
Underfull \hbox (badness 10000) in paragraph at lines 238--239
[][][]$\T1/fvm/m/n/12 https : / / builtin . com / data-[]science /
 []


Overfull \hbox (70.17654pt too wide) in paragraph at lines 241--242
[][][]$\T1/fvm/m/n/12 https : / / www . javatpoint . com / machine-[]learning-[
]random-[]forest-[]algorithm$[][]\T1/pplj/m/n/12 . 
 []


Underfull \hbox (badness 10000) in paragraph at lines 244--245
[][][]$\T1/fvm/m/n/12 https : / / towardsdatascience . com /
 []

[63]
Underfull \hbox (badness 10000) in paragraph at lines 252--253
[][][]$\T1/fvm/m/n/12 https : / / www . r-[]bloggers . com / 2019 / 10 /
 []


Underfull \hbox (badness 1033) in paragraph at lines 260--263
[]\T1/pplj/m/n/12 Pierre-Franois Ver-hulst.  Cor-re-spon-dance math--ma-tique
 et
 []

) [64] (Manuscript.aux)
Package rerunfilecheck Info: File `Manuscript.out' has not changed.
(rerunfilecheck)             Checksum: D41D8CD98F00B204E9800998ECF8427E;0.


LaTeX Font Warning: Some font shapes were not available, defaults substituted.


LaTeX Warning: There were multiply-defined labels.

 ) 
Here is how much of TeX's memory you used:
 22124 strings out of 480236
 397590 string characters out of 2888530
 1404461 words of memory out of 3000000
 37358 multiletter control sequences out of 15000+200000
 699646 words of font info for 257 fonts, out of 3000000 for 9000
 1143 hyphenation exceptions out of 8191
 94i,23n,99p,10634b,2981s stack positions out of 5000i,500n,10000p,200000b,50000s
{C:/Program Files/MiKTeX 2.9/fonts/enc/dvips/base/8r.enc}{C:/Program Files/Mi
KTeX 2.9/fonts/enc/dvips/iwona/ec-iwona-sc.enc}{C:/Program Files/MiKTeX 2.9/fon
ts/enc/dvips/iwona/ec-iwona.enc}<C:/Program Files/MiKTeX 2.9/fonts/type1/public
/amsfonts/cm/cmex10.pfb><C:/Program Files/MiKTeX 2.9/fonts/type1/public/amsfont
s/cm/cmmi10.pfb><C:/Program Files/MiKTeX 2.9/fonts/type1/public/amsfonts/cm/cms
y10.pfb><C:/Program Files/MiKTeX 2.9/fonts/type1/public/amsfonts/cm/cmsy7.pfb><
C:/Program Files/MiKTeX 2.9/fonts/type1/public/amsfonts/euler/euex10.pfb><C:/Pr
ogram Files/MiKTeX 2.9/fonts/type1/public/amsfonts/euler/eufm10.pfb><C:/Program
 Files/MiKTeX 2.9/fonts/type1/public/amsfonts/euler/eufm7.pfb><C:/Program Files
/MiKTeX 2.9/fonts/type1/public/amsfonts/euler/eurb10.pfb><C:/Program Files/MiKT
eX 2.9/fonts/type1/public/amsfonts/euler/eurm10.pfb><C:/Program Files/MiKTeX 2.
9/fonts/type1/public/amsfonts/euler/eurm7.pfb><C:/Program Files/MiKTeX 2.9/font
s/type1/public/amsfonts/euler/eusm10.pfb><C:/Program Files/MiKTeX 2.9/fonts/typ
e1/public/fpl/fplrc8a.pfb><C:/Program Files/MiKTeX 2.9/fonts/type1/public/fpl/f
plrij8a.pfb><C:/Program Files/MiKTeX 2.9/fonts/type1/bera/fvmr8a.pfb><C:/Progra
m Files/MiKTeX 2.9/fonts/type1/public/cbgreek/grmn1000.pfb><C:/Program Files/Mi
KTeX 2.9/fonts/type1/nowacki/iwona/iwonab.pfb><C:/Program Files/MiKTeX 2.9/font
s/type1/nowacki/iwona/iwonar.pfb><C:/Program Files/MiKTeX 2.9/fonts/type1/publi
c/amsfonts/symbols/msam10.pfb><C:/Program Files/MiKTeX 2.9/fonts/type1/urw/pala
tino/uplb8a.pfb><C:/Program Files/MiKTeX 2.9/fonts/type1/urw/palatino/uplbi8a.p
fb><C:/Program Files/MiKTeX 2.9/fonts/type1/urw/palatino/uplr8a.pfb><C:/Program
 Files/MiKTeX 2.9/fonts/type1/urw/palatino/uplri8a.pfb>
Output written on Manuscript.pdf (64 pages, 9535705 bytes).
PDF statistics:
 1635 PDF objects out of 1728 (max. 8388607)
 716 named destinations out of 1000 (max. 500000)
 49995 words of extra memory for PDF output out of 51595 (max. 10000000)

